Starting CommunityApplication on DESKTOP-QPE2857 with PID 2664 (D:\编程\community\target\classes started by 北极光。 in D:\编程\community)
No active profile set, falling back to default profiles: default
Devtools property defaults active! Set 'spring.devtools.add-properties' to 'false' to disable
For additional web related logging consider setting the 'logging.level.web' property to 'DEBUG'
Multiple Spring Data modules found, entering strict repository configuration mode!
Bootstrapping Spring Data Redis repositories in DEFAULT mode.
Finished Spring Data repository scanning in 10ms. Found 0 Redis repository interfaces.
Tomcat initialized with port(s): 8989 (http)
Initializing ProtocolHandler ["http-nio-8989"]
Starting service [Tomcat]
Starting Servlet engine: [Apache Tomcat/9.0.38]
Loaded Apache Tomcat Native library [1.2.23] using APR version [1.7.0].
APR capabilities: IPv6 [true], sendfile [true], accept filters [false], random [true].
APR/OpenSSL configuration: useAprConnector [false], useOpenSSL [true]
OpenSSL successfully initialized [OpenSSL 1.1.1c  28 May 2019]
Initializing Spring embedded WebApplicationContext
Root WebApplicationContext: initialization completed in 2561 ms
Initializing ExecutorService 'applicationTaskExecutor'
Adding welcome page template: index
LiveReload server is running on port 35729
Starting ProtocolHandler ["http-nio-8989"]
Tomcat started on port(s): 8989 (http) with context path '/community'
Started CommunityApplication in 4.641 seconds (JVM running for 5.816)
Initializing Spring DispatcherServlet 'dispatcherServlet'
Initializing Servlet 'dispatcherServlet'
Completed initialization in 8 ms
用户[0:0:0:0:0:0:0:1],在[2020-10-29 20:28:02],访问了[com.bilibili.service.impl.DiscussPostServiceImpl.findAllDiscussPost].
{dataSource-1} inited
用户[0:0:0:0:0:0:0:1],在[2020-10-29 20:28:02],访问了[com.bilibili.service.impl.UserServiceImpl.getUserById].
用户[0:0:0:0:0:0:0:1],在[2020-10-29 20:28:02],访问了[com.bilibili.service.impl.LickServiceImpl.LikeCount].
用户[0:0:0:0:0:0:0:1],在[2020-10-29 20:28:03],访问了[com.bilibili.service.impl.UserServiceImpl.getUserById].
用户[0:0:0:0:0:0:0:1],在[2020-10-29 20:28:03],访问了[com.bilibili.service.impl.LickServiceImpl.LikeCount].
用户[0:0:0:0:0:0:0:1],在[2020-10-29 20:28:03],访问了[com.bilibili.service.impl.UserServiceImpl.getUserById].
用户[0:0:0:0:0:0:0:1],在[2020-10-29 20:28:03],访问了[com.bilibili.service.impl.LickServiceImpl.LikeCount].
用户[0:0:0:0:0:0:0:1],在[2020-10-29 20:28:03],访问了[com.bilibili.service.impl.UserServiceImpl.getUserById].
用户[0:0:0:0:0:0:0:1],在[2020-10-29 20:28:03],访问了[com.bilibili.service.impl.LickServiceImpl.LikeCount].
用户[0:0:0:0:0:0:0:1],在[2020-10-29 20:28:03],访问了[com.bilibili.service.impl.UserServiceImpl.getUserById].
用户[0:0:0:0:0:0:0:1],在[2020-10-29 20:28:03],访问了[com.bilibili.service.impl.LickServiceImpl.LikeCount].
用户[0:0:0:0:0:0:0:1],在[2020-10-29 20:28:03],访问了[com.bilibili.service.impl.UserServiceImpl.getUserById].
用户[0:0:0:0:0:0:0:1],在[2020-10-29 20:28:03],访问了[com.bilibili.service.impl.LickServiceImpl.LikeCount].
用户[0:0:0:0:0:0:0:1],在[2020-10-29 20:28:03],访问了[com.bilibili.service.impl.UserServiceImpl.getUserById].
用户[0:0:0:0:0:0:0:1],在[2020-10-29 20:28:03],访问了[com.bilibili.service.impl.LickServiceImpl.LikeCount].
用户[0:0:0:0:0:0:0:1],在[2020-10-29 20:28:03],访问了[com.bilibili.service.impl.UserServiceImpl.getUserById].
用户[0:0:0:0:0:0:0:1],在[2020-10-29 20:28:03],访问了[com.bilibili.service.impl.LickServiceImpl.LikeCount].
用户[0:0:0:0:0:0:0:1],在[2020-10-29 20:28:03],访问了[com.bilibili.service.impl.UserServiceImpl.getUserById].
用户[0:0:0:0:0:0:0:1],在[2020-10-29 20:28:03],访问了[com.bilibili.service.impl.LickServiceImpl.LikeCount].
用户[0:0:0:0:0:0:0:1],在[2020-10-29 20:28:03],访问了[com.bilibili.service.impl.UserServiceImpl.getUserById].
用户[0:0:0:0:0:0:0:1],在[2020-10-29 20:28:03],访问了[com.bilibili.service.impl.LickServiceImpl.LikeCount].
用户[0:0:0:0:0:0:0:1],在[2020-10-29 20:28:03],访问了[com.bilibili.service.impl.UserServiceImpl.getUserById].
用户[0:0:0:0:0:0:0:1],在[2020-10-29 20:28:03],访问了[com.bilibili.service.impl.LickServiceImpl.LikeCount].
用户[0:0:0:0:0:0:0:1],在[2020-10-29 20:28:03],访问了[com.bilibili.service.impl.UserServiceImpl.getUserById].
用户[0:0:0:0:0:0:0:1],在[2020-10-29 20:28:03],访问了[com.bilibili.service.impl.LickServiceImpl.LikeCount].
用户[0:0:0:0:0:0:0:1],在[2020-10-29 20:28:03],访问了[com.bilibili.service.impl.UserServiceImpl.getUserById].
用户[0:0:0:0:0:0:0:1],在[2020-10-29 20:28:03],访问了[com.bilibili.service.impl.LickServiceImpl.LikeCount].
用户[0:0:0:0:0:0:0:1],在[2020-10-29 20:28:03],访问了[com.bilibili.service.impl.UserServiceImpl.getUserById].
用户[0:0:0:0:0:0:0:1],在[2020-10-29 20:28:03],访问了[com.bilibili.service.impl.LickServiceImpl.LikeCount].
用户[0:0:0:0:0:0:0:1],在[2020-10-29 20:28:03],访问了[com.bilibili.service.impl.UserServiceImpl.getUserById].
用户[0:0:0:0:0:0:0:1],在[2020-10-29 20:28:03],访问了[com.bilibili.service.impl.LickServiceImpl.LikeCount].
用户[0:0:0:0:0:0:0:1],在[2020-10-29 20:28:28],访问了[com.bilibili.service.impl.UserServiceImpl.login].
用户[0:0:0:0:0:0:0:1],在[2020-10-29 20:28:29],访问了[com.bilibili.service.impl.UserServiceImpl.findLoginTicket].
用户[0:0:0:0:0:0:0:1],在[2020-10-29 20:28:29],访问了[com.bilibili.service.impl.UserServiceImpl.getUserById].
用户[0:0:0:0:0:0:0:1],在[2020-10-29 20:28:29],访问了[com.bilibili.service.impl.DiscussPostServiceImpl.findAllDiscussPost].
用户[0:0:0:0:0:0:0:1],在[2020-10-29 20:28:29],访问了[com.bilibili.service.impl.UserServiceImpl.getUserById].
用户[0:0:0:0:0:0:0:1],在[2020-10-29 20:28:29],访问了[com.bilibili.service.impl.LickServiceImpl.LikeCount].
用户[0:0:0:0:0:0:0:1],在[2020-10-29 20:28:29],访问了[com.bilibili.service.impl.LickServiceImpl.LinkStatus].
用户[0:0:0:0:0:0:0:1],在[2020-10-29 20:28:29],访问了[com.bilibili.service.impl.UserServiceImpl.getUserById].
用户[0:0:0:0:0:0:0:1],在[2020-10-29 20:28:29],访问了[com.bilibili.service.impl.LickServiceImpl.LikeCount].
用户[0:0:0:0:0:0:0:1],在[2020-10-29 20:28:29],访问了[com.bilibili.service.impl.LickServiceImpl.LinkStatus].
用户[0:0:0:0:0:0:0:1],在[2020-10-29 20:28:29],访问了[com.bilibili.service.impl.UserServiceImpl.getUserById].
用户[0:0:0:0:0:0:0:1],在[2020-10-29 20:28:29],访问了[com.bilibili.service.impl.LickServiceImpl.LikeCount].
用户[0:0:0:0:0:0:0:1],在[2020-10-29 20:28:29],访问了[com.bilibili.service.impl.LickServiceImpl.LinkStatus].
用户[0:0:0:0:0:0:0:1],在[2020-10-29 20:28:29],访问了[com.bilibili.service.impl.UserServiceImpl.getUserById].
用户[0:0:0:0:0:0:0:1],在[2020-10-29 20:28:29],访问了[com.bilibili.service.impl.LickServiceImpl.LikeCount].
用户[0:0:0:0:0:0:0:1],在[2020-10-29 20:28:29],访问了[com.bilibili.service.impl.LickServiceImpl.LinkStatus].
用户[0:0:0:0:0:0:0:1],在[2020-10-29 20:28:29],访问了[com.bilibili.service.impl.UserServiceImpl.getUserById].
用户[0:0:0:0:0:0:0:1],在[2020-10-29 20:28:29],访问了[com.bilibili.service.impl.LickServiceImpl.LikeCount].
用户[0:0:0:0:0:0:0:1],在[2020-10-29 20:28:29],访问了[com.bilibili.service.impl.LickServiceImpl.LinkStatus].
用户[0:0:0:0:0:0:0:1],在[2020-10-29 20:28:29],访问了[com.bilibili.service.impl.UserServiceImpl.getUserById].
用户[0:0:0:0:0:0:0:1],在[2020-10-29 20:28:29],访问了[com.bilibili.service.impl.LickServiceImpl.LikeCount].
用户[0:0:0:0:0:0:0:1],在[2020-10-29 20:28:29],访问了[com.bilibili.service.impl.LickServiceImpl.LinkStatus].
用户[0:0:0:0:0:0:0:1],在[2020-10-29 20:28:29],访问了[com.bilibili.service.impl.UserServiceImpl.getUserById].
用户[0:0:0:0:0:0:0:1],在[2020-10-29 20:28:29],访问了[com.bilibili.service.impl.LickServiceImpl.LikeCount].
用户[0:0:0:0:0:0:0:1],在[2020-10-29 20:28:29],访问了[com.bilibili.service.impl.LickServiceImpl.LinkStatus].
用户[0:0:0:0:0:0:0:1],在[2020-10-29 20:28:29],访问了[com.bilibili.service.impl.UserServiceImpl.getUserById].
用户[0:0:0:0:0:0:0:1],在[2020-10-29 20:28:29],访问了[com.bilibili.service.impl.LickServiceImpl.LikeCount].
用户[0:0:0:0:0:0:0:1],在[2020-10-29 20:28:29],访问了[com.bilibili.service.impl.LickServiceImpl.LinkStatus].
用户[0:0:0:0:0:0:0:1],在[2020-10-29 20:28:29],访问了[com.bilibili.service.impl.UserServiceImpl.getUserById].
用户[0:0:0:0:0:0:0:1],在[2020-10-29 20:28:29],访问了[com.bilibili.service.impl.LickServiceImpl.LikeCount].
用户[0:0:0:0:0:0:0:1],在[2020-10-29 20:28:29],访问了[com.bilibili.service.impl.LickServiceImpl.LinkStatus].
用户[0:0:0:0:0:0:0:1],在[2020-10-29 20:28:29],访问了[com.bilibili.service.impl.UserServiceImpl.getUserById].
用户[0:0:0:0:0:0:0:1],在[2020-10-29 20:28:29],访问了[com.bilibili.service.impl.LickServiceImpl.LikeCount].
用户[0:0:0:0:0:0:0:1],在[2020-10-29 20:28:29],访问了[com.bilibili.service.impl.LickServiceImpl.LinkStatus].
用户[0:0:0:0:0:0:0:1],在[2020-10-29 20:28:29],访问了[com.bilibili.service.impl.UserServiceImpl.getUserById].
用户[0:0:0:0:0:0:0:1],在[2020-10-29 20:28:29],访问了[com.bilibili.service.impl.LickServiceImpl.LikeCount].
用户[0:0:0:0:0:0:0:1],在[2020-10-29 20:28:29],访问了[com.bilibili.service.impl.LickServiceImpl.LinkStatus].
用户[0:0:0:0:0:0:0:1],在[2020-10-29 20:28:29],访问了[com.bilibili.service.impl.UserServiceImpl.getUserById].
用户[0:0:0:0:0:0:0:1],在[2020-10-29 20:28:29],访问了[com.bilibili.service.impl.LickServiceImpl.LikeCount].
用户[0:0:0:0:0:0:0:1],在[2020-10-29 20:28:29],访问了[com.bilibili.service.impl.LickServiceImpl.LinkStatus].
用户[0:0:0:0:0:0:0:1],在[2020-10-29 20:28:29],访问了[com.bilibili.service.impl.UserServiceImpl.getUserById].
用户[0:0:0:0:0:0:0:1],在[2020-10-29 20:28:29],访问了[com.bilibili.service.impl.LickServiceImpl.LikeCount].
用户[0:0:0:0:0:0:0:1],在[2020-10-29 20:28:29],访问了[com.bilibili.service.impl.LickServiceImpl.LinkStatus].
用户[0:0:0:0:0:0:0:1],在[2020-10-29 20:28:29],访问了[com.bilibili.service.impl.UserServiceImpl.getUserById].
用户[0:0:0:0:0:0:0:1],在[2020-10-29 20:28:29],访问了[com.bilibili.service.impl.LickServiceImpl.LikeCount].
用户[0:0:0:0:0:0:0:1],在[2020-10-29 20:28:29],访问了[com.bilibili.service.impl.LickServiceImpl.LinkStatus].
用户[0:0:0:0:0:0:0:1],在[2020-10-29 20:28:29],访问了[com.bilibili.service.impl.UserServiceImpl.getUserById].
用户[0:0:0:0:0:0:0:1],在[2020-10-29 20:28:29],访问了[com.bilibili.service.impl.LickServiceImpl.LikeCount].
用户[0:0:0:0:0:0:0:1],在[2020-10-29 20:28:29],访问了[com.bilibili.service.impl.LickServiceImpl.LinkStatus].
用户[0:0:0:0:0:0:0:1],在[2020-10-29 20:28:44],访问了[com.bilibili.service.impl.UserServiceImpl.findLoginTicket].
用户[0:0:0:0:0:0:0:1],在[2020-10-29 20:28:44],访问了[com.bilibili.service.impl.UserServiceImpl.getUserById].
用户[0:0:0:0:0:0:0:1],在[2020-10-29 20:28:44],访问了[com.bilibili.service.impl.DiscussPostServiceImpl.findAllDiscussPost].
用户[0:0:0:0:0:0:0:1],在[2020-10-29 20:28:44],访问了[com.bilibili.service.impl.UserServiceImpl.getUserById].
用户[0:0:0:0:0:0:0:1],在[2020-10-29 20:28:44],访问了[com.bilibili.service.impl.LickServiceImpl.LikeCount].
用户[0:0:0:0:0:0:0:1],在[2020-10-29 20:28:44],访问了[com.bilibili.service.impl.LickServiceImpl.LinkStatus].
用户[0:0:0:0:0:0:0:1],在[2020-10-29 20:28:44],访问了[com.bilibili.service.impl.UserServiceImpl.getUserById].
用户[0:0:0:0:0:0:0:1],在[2020-10-29 20:28:44],访问了[com.bilibili.service.impl.LickServiceImpl.LikeCount].
用户[0:0:0:0:0:0:0:1],在[2020-10-29 20:28:44],访问了[com.bilibili.service.impl.LickServiceImpl.LinkStatus].
用户[0:0:0:0:0:0:0:1],在[2020-10-29 20:28:44],访问了[com.bilibili.service.impl.UserServiceImpl.getUserById].
用户[0:0:0:0:0:0:0:1],在[2020-10-29 20:28:44],访问了[com.bilibili.service.impl.LickServiceImpl.LikeCount].
用户[0:0:0:0:0:0:0:1],在[2020-10-29 20:28:44],访问了[com.bilibili.service.impl.LickServiceImpl.LinkStatus].
用户[0:0:0:0:0:0:0:1],在[2020-10-29 20:28:44],访问了[com.bilibili.service.impl.UserServiceImpl.getUserById].
用户[0:0:0:0:0:0:0:1],在[2020-10-29 20:28:44],访问了[com.bilibili.service.impl.LickServiceImpl.LikeCount].
用户[0:0:0:0:0:0:0:1],在[2020-10-29 20:28:44],访问了[com.bilibili.service.impl.LickServiceImpl.LinkStatus].
用户[0:0:0:0:0:0:0:1],在[2020-10-29 20:28:44],访问了[com.bilibili.service.impl.UserServiceImpl.getUserById].
用户[0:0:0:0:0:0:0:1],在[2020-10-29 20:28:44],访问了[com.bilibili.service.impl.LickServiceImpl.LikeCount].
用户[0:0:0:0:0:0:0:1],在[2020-10-29 20:28:44],访问了[com.bilibili.service.impl.LickServiceImpl.LinkStatus].
用户[0:0:0:0:0:0:0:1],在[2020-10-29 20:28:44],访问了[com.bilibili.service.impl.UserServiceImpl.getUserById].
用户[0:0:0:0:0:0:0:1],在[2020-10-29 20:28:44],访问了[com.bilibili.service.impl.LickServiceImpl.LikeCount].
用户[0:0:0:0:0:0:0:1],在[2020-10-29 20:28:44],访问了[com.bilibili.service.impl.LickServiceImpl.LinkStatus].
用户[0:0:0:0:0:0:0:1],在[2020-10-29 20:28:44],访问了[com.bilibili.service.impl.UserServiceImpl.getUserById].
用户[0:0:0:0:0:0:0:1],在[2020-10-29 20:28:44],访问了[com.bilibili.service.impl.LickServiceImpl.LikeCount].
用户[0:0:0:0:0:0:0:1],在[2020-10-29 20:28:44],访问了[com.bilibili.service.impl.LickServiceImpl.LinkStatus].
用户[0:0:0:0:0:0:0:1],在[2020-10-29 20:28:44],访问了[com.bilibili.service.impl.UserServiceImpl.getUserById].
用户[0:0:0:0:0:0:0:1],在[2020-10-29 20:28:44],访问了[com.bilibili.service.impl.LickServiceImpl.LikeCount].
用户[0:0:0:0:0:0:0:1],在[2020-10-29 20:28:44],访问了[com.bilibili.service.impl.LickServiceImpl.LinkStatus].
用户[0:0:0:0:0:0:0:1],在[2020-10-29 20:28:44],访问了[com.bilibili.service.impl.UserServiceImpl.getUserById].
用户[0:0:0:0:0:0:0:1],在[2020-10-29 20:28:44],访问了[com.bilibili.service.impl.LickServiceImpl.LikeCount].
用户[0:0:0:0:0:0:0:1],在[2020-10-29 20:28:44],访问了[com.bilibili.service.impl.LickServiceImpl.LinkStatus].
用户[0:0:0:0:0:0:0:1],在[2020-10-29 20:28:44],访问了[com.bilibili.service.impl.UserServiceImpl.getUserById].
用户[0:0:0:0:0:0:0:1],在[2020-10-29 20:28:44],访问了[com.bilibili.service.impl.LickServiceImpl.LikeCount].
用户[0:0:0:0:0:0:0:1],在[2020-10-29 20:28:44],访问了[com.bilibili.service.impl.LickServiceImpl.LinkStatus].
用户[0:0:0:0:0:0:0:1],在[2020-10-29 20:28:44],访问了[com.bilibili.service.impl.UserServiceImpl.getUserById].
用户[0:0:0:0:0:0:0:1],在[2020-10-29 20:28:44],访问了[com.bilibili.service.impl.LickServiceImpl.LikeCount].
用户[0:0:0:0:0:0:0:1],在[2020-10-29 20:28:44],访问了[com.bilibili.service.impl.LickServiceImpl.LinkStatus].
用户[0:0:0:0:0:0:0:1],在[2020-10-29 20:28:44],访问了[com.bilibili.service.impl.UserServiceImpl.getUserById].
用户[0:0:0:0:0:0:0:1],在[2020-10-29 20:28:44],访问了[com.bilibili.service.impl.LickServiceImpl.LikeCount].
用户[0:0:0:0:0:0:0:1],在[2020-10-29 20:28:44],访问了[com.bilibili.service.impl.LickServiceImpl.LinkStatus].
用户[0:0:0:0:0:0:0:1],在[2020-10-29 20:28:44],访问了[com.bilibili.service.impl.UserServiceImpl.getUserById].
用户[0:0:0:0:0:0:0:1],在[2020-10-29 20:28:44],访问了[com.bilibili.service.impl.LickServiceImpl.LikeCount].
用户[0:0:0:0:0:0:0:1],在[2020-10-29 20:28:44],访问了[com.bilibili.service.impl.LickServiceImpl.LinkStatus].
用户[0:0:0:0:0:0:0:1],在[2020-10-29 20:28:44],访问了[com.bilibili.service.impl.UserServiceImpl.getUserById].
用户[0:0:0:0:0:0:0:1],在[2020-10-29 20:28:44],访问了[com.bilibili.service.impl.LickServiceImpl.LikeCount].
用户[0:0:0:0:0:0:0:1],在[2020-10-29 20:28:44],访问了[com.bilibili.service.impl.LickServiceImpl.LinkStatus].
用户[0:0:0:0:0:0:0:1],在[2020-10-29 20:28:44],访问了[com.bilibili.service.impl.UserServiceImpl.getUserById].
用户[0:0:0:0:0:0:0:1],在[2020-10-29 20:28:44],访问了[com.bilibili.service.impl.LickServiceImpl.LikeCount].
用户[0:0:0:0:0:0:0:1],在[2020-10-29 20:28:44],访问了[com.bilibili.service.impl.LickServiceImpl.LinkStatus].
Starting CommunityApplication on DESKTOP-QPE2857 with PID 15672 (D:\编程\community\target\classes started by 北极光。 in D:\编程\community)
No active profile set, falling back to default profiles: default
Devtools property defaults active! Set 'spring.devtools.add-properties' to 'false' to disable
For additional web related logging consider setting the 'logging.level.web' property to 'DEBUG'
Multiple Spring Data modules found, entering strict repository configuration mode!
Bootstrapping Spring Data Redis repositories in DEFAULT mode.
Finished Spring Data repository scanning in 10ms. Found 0 Redis repository interfaces.
Tomcat initialized with port(s): 8989 (http)
Initializing ProtocolHandler ["http-nio-8989"]
Starting service [Tomcat]
Starting Servlet engine: [Apache Tomcat/9.0.38]
Loaded Apache Tomcat Native library [1.2.23] using APR version [1.7.0].
APR capabilities: IPv6 [true], sendfile [true], accept filters [false], random [true].
APR/OpenSSL configuration: useAprConnector [false], useOpenSSL [true]
OpenSSL successfully initialized [OpenSSL 1.1.1c  28 May 2019]
Initializing Spring embedded WebApplicationContext
Root WebApplicationContext: initialization completed in 1222 ms
Initializing ExecutorService 'applicationTaskExecutor'
Adding welcome page template: index
LiveReload server is running on port 35729
Starting ProtocolHandler ["http-nio-8989"]
Tomcat started on port(s): 8989 (http) with context path '/community'
Started CommunityApplication in 2.621 seconds (JVM running for 3.472)
Initializing Spring DispatcherServlet 'dispatcherServlet'
Initializing Servlet 'dispatcherServlet'
Completed initialization in 6 ms
用户[0:0:0:0:0:0:0:1],在[2020-10-29 20:53:39],访问了[com.bilibili.service.impl.UserServiceImpl.findLoginTicket].
用户[0:0:0:0:0:0:0:1],在[2020-10-29 20:53:40],访问了[com.bilibili.service.impl.DiscussPostServiceImpl.findAllDiscussPost].
{dataSource-1} inited
用户[0:0:0:0:0:0:0:1],在[2020-10-29 20:53:40],访问了[com.bilibili.service.impl.UserServiceImpl.getUserById].
用户[0:0:0:0:0:0:0:1],在[2020-10-29 20:53:40],访问了[com.bilibili.service.impl.LickServiceImpl.LikeCount].
用户[0:0:0:0:0:0:0:1],在[2020-10-29 20:53:40],访问了[com.bilibili.service.impl.UserServiceImpl.getUserById].
用户[0:0:0:0:0:0:0:1],在[2020-10-29 20:53:40],访问了[com.bilibili.service.impl.LickServiceImpl.LikeCount].
用户[0:0:0:0:0:0:0:1],在[2020-10-29 20:53:40],访问了[com.bilibili.service.impl.UserServiceImpl.getUserById].
用户[0:0:0:0:0:0:0:1],在[2020-10-29 20:53:40],访问了[com.bilibili.service.impl.LickServiceImpl.LikeCount].
用户[0:0:0:0:0:0:0:1],在[2020-10-29 20:53:40],访问了[com.bilibili.service.impl.UserServiceImpl.getUserById].
用户[0:0:0:0:0:0:0:1],在[2020-10-29 20:53:40],访问了[com.bilibili.service.impl.LickServiceImpl.LikeCount].
用户[0:0:0:0:0:0:0:1],在[2020-10-29 20:53:40],访问了[com.bilibili.service.impl.UserServiceImpl.getUserById].
用户[0:0:0:0:0:0:0:1],在[2020-10-29 20:53:40],访问了[com.bilibili.service.impl.LickServiceImpl.LikeCount].
用户[0:0:0:0:0:0:0:1],在[2020-10-29 20:53:40],访问了[com.bilibili.service.impl.UserServiceImpl.getUserById].
用户[0:0:0:0:0:0:0:1],在[2020-10-29 20:53:40],访问了[com.bilibili.service.impl.LickServiceImpl.LikeCount].
用户[0:0:0:0:0:0:0:1],在[2020-10-29 20:53:40],访问了[com.bilibili.service.impl.UserServiceImpl.getUserById].
用户[0:0:0:0:0:0:0:1],在[2020-10-29 20:53:40],访问了[com.bilibili.service.impl.LickServiceImpl.LikeCount].
用户[0:0:0:0:0:0:0:1],在[2020-10-29 20:53:40],访问了[com.bilibili.service.impl.UserServiceImpl.getUserById].
用户[0:0:0:0:0:0:0:1],在[2020-10-29 20:53:40],访问了[com.bilibili.service.impl.LickServiceImpl.LikeCount].
用户[0:0:0:0:0:0:0:1],在[2020-10-29 20:53:40],访问了[com.bilibili.service.impl.UserServiceImpl.getUserById].
用户[0:0:0:0:0:0:0:1],在[2020-10-29 20:53:40],访问了[com.bilibili.service.impl.LickServiceImpl.LikeCount].
用户[0:0:0:0:0:0:0:1],在[2020-10-29 20:53:40],访问了[com.bilibili.service.impl.UserServiceImpl.getUserById].
用户[0:0:0:0:0:0:0:1],在[2020-10-29 20:53:40],访问了[com.bilibili.service.impl.LickServiceImpl.LikeCount].
用户[0:0:0:0:0:0:0:1],在[2020-10-29 20:53:40],访问了[com.bilibili.service.impl.UserServiceImpl.getUserById].
用户[0:0:0:0:0:0:0:1],在[2020-10-29 20:53:40],访问了[com.bilibili.service.impl.LickServiceImpl.LikeCount].
用户[0:0:0:0:0:0:0:1],在[2020-10-29 20:53:40],访问了[com.bilibili.service.impl.UserServiceImpl.getUserById].
用户[0:0:0:0:0:0:0:1],在[2020-10-29 20:53:40],访问了[com.bilibili.service.impl.LickServiceImpl.LikeCount].
用户[0:0:0:0:0:0:0:1],在[2020-10-29 20:53:40],访问了[com.bilibili.service.impl.UserServiceImpl.getUserById].
用户[0:0:0:0:0:0:0:1],在[2020-10-29 20:53:40],访问了[com.bilibili.service.impl.LickServiceImpl.LikeCount].
用户[0:0:0:0:0:0:0:1],在[2020-10-29 20:53:40],访问了[com.bilibili.service.impl.UserServiceImpl.getUserById].
用户[0:0:0:0:0:0:0:1],在[2020-10-29 20:53:40],访问了[com.bilibili.service.impl.LickServiceImpl.LikeCount].
用户[0:0:0:0:0:0:0:1],在[2020-10-29 20:53:40],访问了[com.bilibili.service.impl.UserServiceImpl.getUserById].
用户[0:0:0:0:0:0:0:1],在[2020-10-29 20:53:40],访问了[com.bilibili.service.impl.LickServiceImpl.LikeCount].
用户[0:0:0:0:0:0:0:1],在[2020-10-29 20:54:02],访问了[com.bilibili.service.impl.UserServiceImpl.findLoginTicket].
用户[0:0:0:0:0:0:0:1],在[2020-10-29 20:54:02],访问了[com.bilibili.service.impl.UserServiceImpl.findLoginTicket].
用户[0:0:0:0:0:0:0:1],在[2020-10-29 20:54:37],访问了[com.bilibili.service.impl.UserServiceImpl.findLoginTicket].
用户[0:0:0:0:0:0:0:1],在[2020-10-29 20:54:37],访问了[com.bilibili.service.impl.UserServiceImpl.login].
用户[0:0:0:0:0:0:0:1],在[2020-10-29 20:54:37],访问了[com.bilibili.service.impl.UserServiceImpl.findLoginTicket].
用户[0:0:0:0:0:0:0:1],在[2020-10-29 20:54:37],访问了[com.bilibili.service.impl.UserServiceImpl.getUserById].
用户[0:0:0:0:0:0:0:1],在[2020-10-29 20:54:37],访问了[com.bilibili.service.impl.DiscussPostServiceImpl.findAllDiscussPost].
用户[0:0:0:0:0:0:0:1],在[2020-10-29 20:54:37],访问了[com.bilibili.service.impl.UserServiceImpl.getUserById].
用户[0:0:0:0:0:0:0:1],在[2020-10-29 20:54:37],访问了[com.bilibili.service.impl.LickServiceImpl.LikeCount].
用户[0:0:0:0:0:0:0:1],在[2020-10-29 20:54:37],访问了[com.bilibili.service.impl.LickServiceImpl.LinkStatus].
用户[0:0:0:0:0:0:0:1],在[2020-10-29 20:54:37],访问了[com.bilibili.service.impl.UserServiceImpl.getUserById].
用户[0:0:0:0:0:0:0:1],在[2020-10-29 20:54:37],访问了[com.bilibili.service.impl.LickServiceImpl.LikeCount].
用户[0:0:0:0:0:0:0:1],在[2020-10-29 20:54:37],访问了[com.bilibili.service.impl.LickServiceImpl.LinkStatus].
用户[0:0:0:0:0:0:0:1],在[2020-10-29 20:54:37],访问了[com.bilibili.service.impl.UserServiceImpl.getUserById].
用户[0:0:0:0:0:0:0:1],在[2020-10-29 20:54:37],访问了[com.bilibili.service.impl.LickServiceImpl.LikeCount].
用户[0:0:0:0:0:0:0:1],在[2020-10-29 20:54:37],访问了[com.bilibili.service.impl.LickServiceImpl.LinkStatus].
用户[0:0:0:0:0:0:0:1],在[2020-10-29 20:54:37],访问了[com.bilibili.service.impl.UserServiceImpl.getUserById].
用户[0:0:0:0:0:0:0:1],在[2020-10-29 20:54:37],访问了[com.bilibili.service.impl.LickServiceImpl.LikeCount].
用户[0:0:0:0:0:0:0:1],在[2020-10-29 20:54:37],访问了[com.bilibili.service.impl.LickServiceImpl.LinkStatus].
用户[0:0:0:0:0:0:0:1],在[2020-10-29 20:54:37],访问了[com.bilibili.service.impl.UserServiceImpl.getUserById].
用户[0:0:0:0:0:0:0:1],在[2020-10-29 20:54:37],访问了[com.bilibili.service.impl.LickServiceImpl.LikeCount].
用户[0:0:0:0:0:0:0:1],在[2020-10-29 20:54:37],访问了[com.bilibili.service.impl.LickServiceImpl.LinkStatus].
用户[0:0:0:0:0:0:0:1],在[2020-10-29 20:54:37],访问了[com.bilibili.service.impl.UserServiceImpl.getUserById].
用户[0:0:0:0:0:0:0:1],在[2020-10-29 20:54:37],访问了[com.bilibili.service.impl.LickServiceImpl.LikeCount].
用户[0:0:0:0:0:0:0:1],在[2020-10-29 20:54:37],访问了[com.bilibili.service.impl.LickServiceImpl.LinkStatus].
用户[0:0:0:0:0:0:0:1],在[2020-10-29 20:54:37],访问了[com.bilibili.service.impl.UserServiceImpl.getUserById].
用户[0:0:0:0:0:0:0:1],在[2020-10-29 20:54:37],访问了[com.bilibili.service.impl.LickServiceImpl.LikeCount].
用户[0:0:0:0:0:0:0:1],在[2020-10-29 20:54:37],访问了[com.bilibili.service.impl.LickServiceImpl.LinkStatus].
用户[0:0:0:0:0:0:0:1],在[2020-10-29 20:54:37],访问了[com.bilibili.service.impl.UserServiceImpl.getUserById].
用户[0:0:0:0:0:0:0:1],在[2020-10-29 20:54:37],访问了[com.bilibili.service.impl.LickServiceImpl.LikeCount].
用户[0:0:0:0:0:0:0:1],在[2020-10-29 20:54:37],访问了[com.bilibili.service.impl.LickServiceImpl.LinkStatus].
用户[0:0:0:0:0:0:0:1],在[2020-10-29 20:54:37],访问了[com.bilibili.service.impl.UserServiceImpl.getUserById].
用户[0:0:0:0:0:0:0:1],在[2020-10-29 20:54:37],访问了[com.bilibili.service.impl.LickServiceImpl.LikeCount].
用户[0:0:0:0:0:0:0:1],在[2020-10-29 20:54:37],访问了[com.bilibili.service.impl.LickServiceImpl.LinkStatus].
用户[0:0:0:0:0:0:0:1],在[2020-10-29 20:54:37],访问了[com.bilibili.service.impl.UserServiceImpl.getUserById].
用户[0:0:0:0:0:0:0:1],在[2020-10-29 20:54:37],访问了[com.bilibili.service.impl.LickServiceImpl.LikeCount].
用户[0:0:0:0:0:0:0:1],在[2020-10-29 20:54:37],访问了[com.bilibili.service.impl.LickServiceImpl.LinkStatus].
用户[0:0:0:0:0:0:0:1],在[2020-10-29 20:54:37],访问了[com.bilibili.service.impl.UserServiceImpl.getUserById].
用户[0:0:0:0:0:0:0:1],在[2020-10-29 20:54:37],访问了[com.bilibili.service.impl.LickServiceImpl.LikeCount].
用户[0:0:0:0:0:0:0:1],在[2020-10-29 20:54:37],访问了[com.bilibili.service.impl.LickServiceImpl.LinkStatus].
用户[0:0:0:0:0:0:0:1],在[2020-10-29 20:54:37],访问了[com.bilibili.service.impl.UserServiceImpl.getUserById].
用户[0:0:0:0:0:0:0:1],在[2020-10-29 20:54:37],访问了[com.bilibili.service.impl.LickServiceImpl.LikeCount].
用户[0:0:0:0:0:0:0:1],在[2020-10-29 20:54:37],访问了[com.bilibili.service.impl.LickServiceImpl.LinkStatus].
用户[0:0:0:0:0:0:0:1],在[2020-10-29 20:54:37],访问了[com.bilibili.service.impl.UserServiceImpl.getUserById].
用户[0:0:0:0:0:0:0:1],在[2020-10-29 20:54:37],访问了[com.bilibili.service.impl.LickServiceImpl.LikeCount].
用户[0:0:0:0:0:0:0:1],在[2020-10-29 20:54:37],访问了[com.bilibili.service.impl.LickServiceImpl.LinkStatus].
用户[0:0:0:0:0:0:0:1],在[2020-10-29 20:54:37],访问了[com.bilibili.service.impl.UserServiceImpl.getUserById].
用户[0:0:0:0:0:0:0:1],在[2020-10-29 20:54:37],访问了[com.bilibili.service.impl.LickServiceImpl.LikeCount].
用户[0:0:0:0:0:0:0:1],在[2020-10-29 20:54:37],访问了[com.bilibili.service.impl.LickServiceImpl.LinkStatus].
用户[0:0:0:0:0:0:0:1],在[2020-10-29 20:54:37],访问了[com.bilibili.service.impl.UserServiceImpl.getUserById].
用户[0:0:0:0:0:0:0:1],在[2020-10-29 20:54:37],访问了[com.bilibili.service.impl.LickServiceImpl.LikeCount].
用户[0:0:0:0:0:0:0:1],在[2020-10-29 20:54:37],访问了[com.bilibili.service.impl.LickServiceImpl.LinkStatus].
用户[0:0:0:0:0:0:0:1],在[2020-10-29 20:54:40],访问了[com.bilibili.service.impl.UserServiceImpl.findLoginTicket].
用户[0:0:0:0:0:0:0:1],在[2020-10-29 20:54:40],访问了[com.bilibili.service.impl.UserServiceImpl.getUserById].
用户[0:0:0:0:0:0:0:1],在[2020-10-29 20:54:40],访问了[com.bilibili.service.impl.MessageServiceImpl.getAllConversations].
用户[0:0:0:0:0:0:0:1],在[2020-10-29 20:54:41],访问了[com.bilibili.service.impl.MessageServiceImpl.getAllLettersCount].
用户[0:0:0:0:0:0:0:1],在[2020-10-29 20:54:41],访问了[com.bilibili.service.impl.MessageServiceImpl.getAllLettersUnreadCount].
用户[0:0:0:0:0:0:0:1],在[2020-10-29 20:54:41],访问了[com.bilibili.service.impl.UserServiceImpl.getUserById].
用户[0:0:0:0:0:0:0:1],在[2020-10-29 20:54:41],访问了[com.bilibili.service.impl.MessageServiceImpl.getAllLettersUnreadCount].
用户[0:0:0:0:0:0:0:1],在[2020-10-29 20:54:43],访问了[com.bilibili.service.impl.UserServiceImpl.findLoginTicket].
用户[0:0:0:0:0:0:0:1],在[2020-10-29 20:54:43],访问了[com.bilibili.service.impl.UserServiceImpl.getUserById].
用户[0:0:0:0:0:0:0:1],在[2020-10-29 20:54:43],访问了[com.bilibili.service.impl.DiscussPostServiceImpl.findAllDiscussPost].
用户[0:0:0:0:0:0:0:1],在[2020-10-29 20:54:43],访问了[com.bilibili.service.impl.UserServiceImpl.getUserById].
用户[0:0:0:0:0:0:0:1],在[2020-10-29 20:54:43],访问了[com.bilibili.service.impl.LickServiceImpl.LikeCount].
用户[0:0:0:0:0:0:0:1],在[2020-10-29 20:54:43],访问了[com.bilibili.service.impl.LickServiceImpl.LinkStatus].
用户[0:0:0:0:0:0:0:1],在[2020-10-29 20:54:43],访问了[com.bilibili.service.impl.UserServiceImpl.getUserById].
用户[0:0:0:0:0:0:0:1],在[2020-10-29 20:54:43],访问了[com.bilibili.service.impl.LickServiceImpl.LikeCount].
用户[0:0:0:0:0:0:0:1],在[2020-10-29 20:54:43],访问了[com.bilibili.service.impl.LickServiceImpl.LinkStatus].
用户[0:0:0:0:0:0:0:1],在[2020-10-29 20:54:43],访问了[com.bilibili.service.impl.UserServiceImpl.getUserById].
用户[0:0:0:0:0:0:0:1],在[2020-10-29 20:54:43],访问了[com.bilibili.service.impl.LickServiceImpl.LikeCount].
用户[0:0:0:0:0:0:0:1],在[2020-10-29 20:54:43],访问了[com.bilibili.service.impl.LickServiceImpl.LinkStatus].
用户[0:0:0:0:0:0:0:1],在[2020-10-29 20:54:43],访问了[com.bilibili.service.impl.UserServiceImpl.getUserById].
用户[0:0:0:0:0:0:0:1],在[2020-10-29 20:54:43],访问了[com.bilibili.service.impl.LickServiceImpl.LikeCount].
用户[0:0:0:0:0:0:0:1],在[2020-10-29 20:54:43],访问了[com.bilibili.service.impl.LickServiceImpl.LinkStatus].
用户[0:0:0:0:0:0:0:1],在[2020-10-29 20:54:43],访问了[com.bilibili.service.impl.UserServiceImpl.getUserById].
用户[0:0:0:0:0:0:0:1],在[2020-10-29 20:54:43],访问了[com.bilibili.service.impl.LickServiceImpl.LikeCount].
用户[0:0:0:0:0:0:0:1],在[2020-10-29 20:54:43],访问了[com.bilibili.service.impl.LickServiceImpl.LinkStatus].
用户[0:0:0:0:0:0:0:1],在[2020-10-29 20:54:43],访问了[com.bilibili.service.impl.UserServiceImpl.getUserById].
用户[0:0:0:0:0:0:0:1],在[2020-10-29 20:54:43],访问了[com.bilibili.service.impl.LickServiceImpl.LikeCount].
用户[0:0:0:0:0:0:0:1],在[2020-10-29 20:54:43],访问了[com.bilibili.service.impl.LickServiceImpl.LinkStatus].
用户[0:0:0:0:0:0:0:1],在[2020-10-29 20:54:43],访问了[com.bilibili.service.impl.UserServiceImpl.getUserById].
用户[0:0:0:0:0:0:0:1],在[2020-10-29 20:54:43],访问了[com.bilibili.service.impl.LickServiceImpl.LikeCount].
用户[0:0:0:0:0:0:0:1],在[2020-10-29 20:54:43],访问了[com.bilibili.service.impl.LickServiceImpl.LinkStatus].
用户[0:0:0:0:0:0:0:1],在[2020-10-29 20:54:43],访问了[com.bilibili.service.impl.UserServiceImpl.getUserById].
用户[0:0:0:0:0:0:0:1],在[2020-10-29 20:54:43],访问了[com.bilibili.service.impl.LickServiceImpl.LikeCount].
用户[0:0:0:0:0:0:0:1],在[2020-10-29 20:54:43],访问了[com.bilibili.service.impl.LickServiceImpl.LinkStatus].
用户[0:0:0:0:0:0:0:1],在[2020-10-29 20:54:43],访问了[com.bilibili.service.impl.UserServiceImpl.getUserById].
用户[0:0:0:0:0:0:0:1],在[2020-10-29 20:54:43],访问了[com.bilibili.service.impl.LickServiceImpl.LikeCount].
用户[0:0:0:0:0:0:0:1],在[2020-10-29 20:54:43],访问了[com.bilibili.service.impl.LickServiceImpl.LinkStatus].
用户[0:0:0:0:0:0:0:1],在[2020-10-29 20:54:43],访问了[com.bilibili.service.impl.UserServiceImpl.getUserById].
用户[0:0:0:0:0:0:0:1],在[2020-10-29 20:54:43],访问了[com.bilibili.service.impl.LickServiceImpl.LikeCount].
用户[0:0:0:0:0:0:0:1],在[2020-10-29 20:54:43],访问了[com.bilibili.service.impl.LickServiceImpl.LinkStatus].
用户[0:0:0:0:0:0:0:1],在[2020-10-29 20:54:43],访问了[com.bilibili.service.impl.UserServiceImpl.getUserById].
用户[0:0:0:0:0:0:0:1],在[2020-10-29 20:54:43],访问了[com.bilibili.service.impl.LickServiceImpl.LikeCount].
用户[0:0:0:0:0:0:0:1],在[2020-10-29 20:54:43],访问了[com.bilibili.service.impl.LickServiceImpl.LinkStatus].
用户[0:0:0:0:0:0:0:1],在[2020-10-29 20:54:43],访问了[com.bilibili.service.impl.UserServiceImpl.getUserById].
用户[0:0:0:0:0:0:0:1],在[2020-10-29 20:54:43],访问了[com.bilibili.service.impl.LickServiceImpl.LikeCount].
用户[0:0:0:0:0:0:0:1],在[2020-10-29 20:54:43],访问了[com.bilibili.service.impl.LickServiceImpl.LinkStatus].
用户[0:0:0:0:0:0:0:1],在[2020-10-29 20:54:43],访问了[com.bilibili.service.impl.UserServiceImpl.getUserById].
用户[0:0:0:0:0:0:0:1],在[2020-10-29 20:54:43],访问了[com.bilibili.service.impl.LickServiceImpl.LikeCount].
用户[0:0:0:0:0:0:0:1],在[2020-10-29 20:54:43],访问了[com.bilibili.service.impl.LickServiceImpl.LinkStatus].
用户[0:0:0:0:0:0:0:1],在[2020-10-29 20:54:43],访问了[com.bilibili.service.impl.UserServiceImpl.getUserById].
用户[0:0:0:0:0:0:0:1],在[2020-10-29 20:54:43],访问了[com.bilibili.service.impl.LickServiceImpl.LikeCount].
用户[0:0:0:0:0:0:0:1],在[2020-10-29 20:54:43],访问了[com.bilibili.service.impl.LickServiceImpl.LinkStatus].
用户[0:0:0:0:0:0:0:1],在[2020-10-29 20:54:43],访问了[com.bilibili.service.impl.UserServiceImpl.getUserById].
用户[0:0:0:0:0:0:0:1],在[2020-10-29 20:54:43],访问了[com.bilibili.service.impl.LickServiceImpl.LikeCount].
用户[0:0:0:0:0:0:0:1],在[2020-10-29 20:54:43],访问了[com.bilibili.service.impl.LickServiceImpl.LinkStatus].
用户[0:0:0:0:0:0:0:1],在[2020-10-29 20:54:45],访问了[com.bilibili.service.impl.UserServiceImpl.findLoginTicket].
用户[0:0:0:0:0:0:0:1],在[2020-10-29 20:54:45],访问了[com.bilibili.service.impl.UserServiceImpl.getUserById].
用户[0:0:0:0:0:0:0:1],在[2020-10-29 20:54:45],访问了[com.bilibili.service.impl.UserServiceImpl.getUserById].
用户[0:0:0:0:0:0:0:1],在[2020-10-29 20:54:45],访问了[com.bilibili.service.impl.LickServiceImpl.userLikeCount].
用户[0:0:0:0:0:0:0:1],在[2020-10-29 20:54:45],访问了[com.bilibili.service.impl.FollowServiceImpl.FolloweeCount].
用户[0:0:0:0:0:0:0:1],在[2020-10-29 20:54:45],访问了[com.bilibili.service.impl.FollowServiceImpl.FollowersCount].
用户[0:0:0:0:0:0:0:1],在[2020-10-29 20:54:45],访问了[com.bilibili.service.impl.FollowServiceImpl.isFollow].
用户[0:0:0:0:0:0:0:1],在[2020-10-29 20:54:46],访问了[com.bilibili.service.impl.UserServiceImpl.findLoginTicket].
用户[0:0:0:0:0:0:0:1],在[2020-10-29 20:54:46],访问了[com.bilibili.service.impl.UserServiceImpl.getUserById].
用户[0:0:0:0:0:0:0:1],在[2020-10-29 20:54:46],访问了[com.bilibili.service.impl.UserServiceImpl.getUserById].
用户[0:0:0:0:0:0:0:1],在[2020-10-29 20:54:46],访问了[com.bilibili.service.impl.FollowServiceImpl.followeeList].
用户[0:0:0:0:0:0:0:1],在[2020-10-29 20:54:46],访问了[com.bilibili.service.impl.UserServiceImpl.getUserById].
用户[0:0:0:0:0:0:0:1],在[2020-10-29 20:54:46],访问了[com.bilibili.service.impl.UserServiceImpl.getUserById].
用户[0:0:0:0:0:0:0:1],在[2020-10-29 20:54:46],访问了[com.bilibili.service.impl.UserServiceImpl.getUserById].
用户[0:0:0:0:0:0:0:1],在[2020-10-29 20:54:46],访问了[com.bilibili.service.impl.UserServiceImpl.getUserById].
用户[0:0:0:0:0:0:0:1],在[2020-10-29 20:54:46],访问了[com.bilibili.service.impl.UserServiceImpl.getUserById].
用户[0:0:0:0:0:0:0:1],在[2020-10-29 20:54:46],访问了[com.bilibili.service.impl.UserServiceImpl.getUserById].
用户[0:0:0:0:0:0:0:1],在[2020-10-29 20:54:46],访问了[com.bilibili.service.impl.UserServiceImpl.getUserById].
用户[0:0:0:0:0:0:0:1],在[2020-10-29 20:54:46],访问了[com.bilibili.service.impl.UserServiceImpl.getUserById].
用户[0:0:0:0:0:0:0:1],在[2020-10-29 20:54:46],访问了[com.bilibili.service.impl.UserServiceImpl.getUserById].
用户[0:0:0:0:0:0:0:1],在[2020-10-29 20:54:46],访问了[com.bilibili.service.impl.UserServiceImpl.getUserById].
用户[0:0:0:0:0:0:0:1],在[2020-10-29 20:54:46],访问了[com.bilibili.service.impl.UserServiceImpl.getUserById].
用户[0:0:0:0:0:0:0:1],在[2020-10-29 20:54:46],访问了[com.bilibili.service.impl.FollowServiceImpl.followeeList].
用户[0:0:0:0:0:0:0:1],在[2020-10-29 20:54:46],访问了[com.bilibili.service.impl.UserServiceImpl.getUserById].
用户[0:0:0:0:0:0:0:1],在[2020-10-29 20:54:46],访问了[com.bilibili.service.impl.UserServiceImpl.getUserById].
用户[0:0:0:0:0:0:0:1],在[2020-10-29 20:54:46],访问了[com.bilibili.service.impl.UserServiceImpl.getUserById].
用户[0:0:0:0:0:0:0:1],在[2020-10-29 20:54:46],访问了[com.bilibili.service.impl.UserServiceImpl.getUserById].
用户[0:0:0:0:0:0:0:1],在[2020-10-29 20:54:46],访问了[com.bilibili.service.impl.UserServiceImpl.getUserById].
用户[0:0:0:0:0:0:0:1],在[2020-10-29 20:54:46],访问了[com.bilibili.service.impl.UserServiceImpl.getUserById].
用户[0:0:0:0:0:0:0:1],在[2020-10-29 20:54:46],访问了[com.bilibili.service.impl.UserServiceImpl.getUserById].
用户[0:0:0:0:0:0:0:1],在[2020-10-29 20:54:46],访问了[com.bilibili.service.impl.UserServiceImpl.getUserById].
用户[0:0:0:0:0:0:0:1],在[2020-10-29 20:54:46],访问了[com.bilibili.service.impl.UserServiceImpl.getUserById].
用户[0:0:0:0:0:0:0:1],在[2020-10-29 20:54:46],访问了[com.bilibili.service.impl.UserServiceImpl.getUserById].
用户[0:0:0:0:0:0:0:1],在[2020-10-29 20:54:46],访问了[com.bilibili.service.impl.FollowServiceImpl.isFollow].
用户[0:0:0:0:0:0:0:1],在[2020-10-29 20:54:46],访问了[com.bilibili.service.impl.FollowServiceImpl.isFollow].
用户[0:0:0:0:0:0:0:1],在[2020-10-29 20:54:46],访问了[com.bilibili.service.impl.FollowServiceImpl.isFollow].
用户[0:0:0:0:0:0:0:1],在[2020-10-29 20:54:46],访问了[com.bilibili.service.impl.FollowServiceImpl.isFollow].
用户[0:0:0:0:0:0:0:1],在[2020-10-29 20:54:46],访问了[com.bilibili.service.impl.FollowServiceImpl.isFollow].
用户[0:0:0:0:0:0:0:1],在[2020-10-29 20:54:46],访问了[com.bilibili.service.impl.FollowServiceImpl.isFollow].
用户[0:0:0:0:0:0:0:1],在[2020-10-29 20:54:46],访问了[com.bilibili.service.impl.FollowServiceImpl.isFollow].
用户[0:0:0:0:0:0:0:1],在[2020-10-29 20:54:46],访问了[com.bilibili.service.impl.FollowServiceImpl.isFollow].
用户[0:0:0:0:0:0:0:1],在[2020-10-29 20:54:46],访问了[com.bilibili.service.impl.FollowServiceImpl.isFollow].
用户[0:0:0:0:0:0:0:1],在[2020-10-29 20:54:46],访问了[com.bilibili.service.impl.FollowServiceImpl.isFollow].
用户[0:0:0:0:0:0:0:1],在[2020-10-29 20:54:49],访问了[com.bilibili.service.impl.UserServiceImpl.findLoginTicket].
用户[0:0:0:0:0:0:0:1],在[2020-10-29 20:54:49],访问了[com.bilibili.service.impl.UserServiceImpl.getUserById].
用户[0:0:0:0:0:0:0:1],在[2020-10-29 20:54:49],访问了[com.bilibili.service.impl.UserServiceImpl.getUserById].
用户[0:0:0:0:0:0:0:1],在[2020-10-29 20:54:49],访问了[com.bilibili.service.impl.FollowServiceImpl.followeeList].
用户[0:0:0:0:0:0:0:1],在[2020-10-29 20:54:49],访问了[com.bilibili.service.impl.UserServiceImpl.getUserById].
用户[0:0:0:0:0:0:0:1],在[2020-10-29 20:54:49],访问了[com.bilibili.service.impl.UserServiceImpl.getUserById].
用户[0:0:0:0:0:0:0:1],在[2020-10-29 20:54:49],访问了[com.bilibili.service.impl.UserServiceImpl.getUserById].
用户[0:0:0:0:0:0:0:1],在[2020-10-29 20:54:49],访问了[com.bilibili.service.impl.UserServiceImpl.getUserById].
用户[0:0:0:0:0:0:0:1],在[2020-10-29 20:54:49],访问了[com.bilibili.service.impl.UserServiceImpl.getUserById].
用户[0:0:0:0:0:0:0:1],在[2020-10-29 20:54:49],访问了[com.bilibili.service.impl.UserServiceImpl.getUserById].
用户[0:0:0:0:0:0:0:1],在[2020-10-29 20:54:49],访问了[com.bilibili.service.impl.UserServiceImpl.getUserById].
用户[0:0:0:0:0:0:0:1],在[2020-10-29 20:54:49],访问了[com.bilibili.service.impl.UserServiceImpl.getUserById].
用户[0:0:0:0:0:0:0:1],在[2020-10-29 20:54:49],访问了[com.bilibili.service.impl.UserServiceImpl.getUserById].
用户[0:0:0:0:0:0:0:1],在[2020-10-29 20:54:49],访问了[com.bilibili.service.impl.UserServiceImpl.getUserById].
用户[0:0:0:0:0:0:0:1],在[2020-10-29 20:54:49],访问了[com.bilibili.service.impl.UserServiceImpl.getUserById].
用户[0:0:0:0:0:0:0:1],在[2020-10-29 20:54:49],访问了[com.bilibili.service.impl.FollowServiceImpl.followeeList].
用户[0:0:0:0:0:0:0:1],在[2020-10-29 20:54:49],访问了[com.bilibili.service.impl.UserServiceImpl.getUserById].
用户[0:0:0:0:0:0:0:1],在[2020-10-29 20:54:49],访问了[com.bilibili.service.impl.FollowServiceImpl.isFollow].
用户[0:0:0:0:0:0:0:1],在[2020-10-29 20:54:50],访问了[com.bilibili.service.impl.UserServiceImpl.findLoginTicket].
用户[0:0:0:0:0:0:0:1],在[2020-10-29 20:54:50],访问了[com.bilibili.service.impl.UserServiceImpl.getUserById].
用户[0:0:0:0:0:0:0:1],在[2020-10-29 20:54:50],访问了[com.bilibili.service.impl.MessageServiceImpl.getAllConversations].
用户[0:0:0:0:0:0:0:1],在[2020-10-29 20:54:50],访问了[com.bilibili.service.impl.MessageServiceImpl.getAllLettersCount].
用户[0:0:0:0:0:0:0:1],在[2020-10-29 20:54:50],访问了[com.bilibili.service.impl.MessageServiceImpl.getAllLettersUnreadCount].
用户[0:0:0:0:0:0:0:1],在[2020-10-29 20:54:50],访问了[com.bilibili.service.impl.UserServiceImpl.getUserById].
用户[0:0:0:0:0:0:0:1],在[2020-10-29 20:54:50],访问了[com.bilibili.service.impl.MessageServiceImpl.getAllLettersUnreadCount].
用户[0:0:0:0:0:0:0:1],在[2020-10-29 20:55:01],访问了[com.bilibili.service.impl.UserServiceImpl.findLoginTicket].
用户[0:0:0:0:0:0:0:1],在[2020-10-29 20:55:01],访问了[com.bilibili.service.impl.UserServiceImpl.getUserById].
用户[0:0:0:0:0:0:0:1],在[2020-10-29 20:55:01],访问了[com.bilibili.service.impl.MessageServiceImpl.getAllLetters].
用户[0:0:0:0:0:0:0:1],在[2020-10-29 20:55:01],访问了[com.bilibili.service.impl.UserServiceImpl.getUserById].
用户[0:0:0:0:0:0:0:1],在[2020-10-29 20:55:01],访问了[com.bilibili.service.impl.UserServiceImpl.getUserById].
用户[0:0:0:0:0:0:0:1],在[2020-10-29 20:55:01],访问了[com.bilibili.service.impl.UserServiceImpl.getUserById].
用户[0:0:0:0:0:0:0:1],在[2020-10-29 20:55:01],访问了[com.bilibili.service.impl.UserServiceImpl.getUserById].
用户[0:0:0:0:0:0:0:1],在[2020-10-29 20:55:01],访问了[com.bilibili.service.impl.MessageServiceImpl.getAllLetters].
用户[0:0:0:0:0:0:0:1],在[2020-10-29 20:55:08],访问了[com.bilibili.service.impl.UserServiceImpl.findLoginTicket].
用户[0:0:0:0:0:0:0:1],在[2020-10-29 20:55:08],访问了[com.bilibili.service.impl.UserServiceImpl.getUserById].
用户[0:0:0:0:0:0:0:1],在[2020-10-29 20:55:08],访问了[com.bilibili.service.impl.MessageServiceImpl.getAllLetters].
用户[0:0:0:0:0:0:0:1],在[2020-10-29 20:55:08],访问了[com.bilibili.service.impl.UserServiceImpl.getUserById].
用户[0:0:0:0:0:0:0:1],在[2020-10-29 20:55:08],访问了[com.bilibili.service.impl.UserServiceImpl.getUserById].
用户[0:0:0:0:0:0:0:1],在[2020-10-29 20:55:08],访问了[com.bilibili.service.impl.UserServiceImpl.getUserById].
用户[0:0:0:0:0:0:0:1],在[2020-10-29 20:55:08],访问了[com.bilibili.service.impl.UserServiceImpl.getUserById].
用户[0:0:0:0:0:0:0:1],在[2020-10-29 20:55:08],访问了[com.bilibili.service.impl.MessageServiceImpl.getAllLetters].
用户[0:0:0:0:0:0:0:1],在[2020-10-29 20:55:16],访问了[com.bilibili.service.impl.UserServiceImpl.findLoginTicket].
用户[0:0:0:0:0:0:0:1],在[2020-10-29 20:55:16],访问了[com.bilibili.service.impl.UserServiceImpl.getUserById].
用户[0:0:0:0:0:0:0:1],在[2020-10-29 20:55:16],访问了[com.bilibili.service.impl.MessageServiceImpl.getAllLetters].
用户[0:0:0:0:0:0:0:1],在[2020-10-29 20:55:16],访问了[com.bilibili.service.impl.UserServiceImpl.getUserById].
用户[0:0:0:0:0:0:0:1],在[2020-10-29 20:55:16],访问了[com.bilibili.service.impl.UserServiceImpl.getUserById].
用户[0:0:0:0:0:0:0:1],在[2020-10-29 20:55:16],访问了[com.bilibili.service.impl.UserServiceImpl.getUserById].
用户[0:0:0:0:0:0:0:1],在[2020-10-29 20:55:16],访问了[com.bilibili.service.impl.UserServiceImpl.getUserById].
用户[0:0:0:0:0:0:0:1],在[2020-10-29 20:55:16],访问了[com.bilibili.service.impl.MessageServiceImpl.getAllLetters].
用户[0:0:0:0:0:0:0:1],在[2020-10-29 20:55:30],访问了[com.bilibili.service.impl.UserServiceImpl.findLoginTicket].
用户[0:0:0:0:0:0:0:1],在[2020-10-29 20:55:30],访问了[com.bilibili.service.impl.UserServiceImpl.getUserById].
用户[0:0:0:0:0:0:0:1],在[2020-10-29 20:55:30],访问了[com.bilibili.service.impl.DiscussPostServiceImpl.findAllDiscussPost].
用户[0:0:0:0:0:0:0:1],在[2020-10-29 20:55:30],访问了[com.bilibili.service.impl.UserServiceImpl.getUserById].
用户[0:0:0:0:0:0:0:1],在[2020-10-29 20:55:30],访问了[com.bilibili.service.impl.LickServiceImpl.LikeCount].
用户[0:0:0:0:0:0:0:1],在[2020-10-29 20:55:30],访问了[com.bilibili.service.impl.LickServiceImpl.LinkStatus].
用户[0:0:0:0:0:0:0:1],在[2020-10-29 20:55:30],访问了[com.bilibili.service.impl.UserServiceImpl.getUserById].
用户[0:0:0:0:0:0:0:1],在[2020-10-29 20:55:30],访问了[com.bilibili.service.impl.LickServiceImpl.LikeCount].
用户[0:0:0:0:0:0:0:1],在[2020-10-29 20:55:30],访问了[com.bilibili.service.impl.LickServiceImpl.LinkStatus].
用户[0:0:0:0:0:0:0:1],在[2020-10-29 20:55:30],访问了[com.bilibili.service.impl.UserServiceImpl.getUserById].
用户[0:0:0:0:0:0:0:1],在[2020-10-29 20:55:30],访问了[com.bilibili.service.impl.LickServiceImpl.LikeCount].
用户[0:0:0:0:0:0:0:1],在[2020-10-29 20:55:30],访问了[com.bilibili.service.impl.LickServiceImpl.LinkStatus].
用户[0:0:0:0:0:0:0:1],在[2020-10-29 20:55:30],访问了[com.bilibili.service.impl.UserServiceImpl.getUserById].
用户[0:0:0:0:0:0:0:1],在[2020-10-29 20:55:30],访问了[com.bilibili.service.impl.LickServiceImpl.LikeCount].
用户[0:0:0:0:0:0:0:1],在[2020-10-29 20:55:30],访问了[com.bilibili.service.impl.LickServiceImpl.LinkStatus].
用户[0:0:0:0:0:0:0:1],在[2020-10-29 20:55:30],访问了[com.bilibili.service.impl.UserServiceImpl.getUserById].
用户[0:0:0:0:0:0:0:1],在[2020-10-29 20:55:30],访问了[com.bilibili.service.impl.LickServiceImpl.LikeCount].
用户[0:0:0:0:0:0:0:1],在[2020-10-29 20:55:30],访问了[com.bilibili.service.impl.LickServiceImpl.LinkStatus].
用户[0:0:0:0:0:0:0:1],在[2020-10-29 20:55:30],访问了[com.bilibili.service.impl.UserServiceImpl.getUserById].
用户[0:0:0:0:0:0:0:1],在[2020-10-29 20:55:30],访问了[com.bilibili.service.impl.LickServiceImpl.LikeCount].
用户[0:0:0:0:0:0:0:1],在[2020-10-29 20:55:30],访问了[com.bilibili.service.impl.LickServiceImpl.LinkStatus].
用户[0:0:0:0:0:0:0:1],在[2020-10-29 20:55:30],访问了[com.bilibili.service.impl.UserServiceImpl.getUserById].
用户[0:0:0:0:0:0:0:1],在[2020-10-29 20:55:30],访问了[com.bilibili.service.impl.LickServiceImpl.LikeCount].
用户[0:0:0:0:0:0:0:1],在[2020-10-29 20:55:30],访问了[com.bilibili.service.impl.LickServiceImpl.LinkStatus].
用户[0:0:0:0:0:0:0:1],在[2020-10-29 20:55:30],访问了[com.bilibili.service.impl.UserServiceImpl.getUserById].
用户[0:0:0:0:0:0:0:1],在[2020-10-29 20:55:30],访问了[com.bilibili.service.impl.LickServiceImpl.LikeCount].
用户[0:0:0:0:0:0:0:1],在[2020-10-29 20:55:30],访问了[com.bilibili.service.impl.LickServiceImpl.LinkStatus].
用户[0:0:0:0:0:0:0:1],在[2020-10-29 20:55:30],访问了[com.bilibili.service.impl.UserServiceImpl.getUserById].
用户[0:0:0:0:0:0:0:1],在[2020-10-29 20:55:30],访问了[com.bilibili.service.impl.LickServiceImpl.LikeCount].
用户[0:0:0:0:0:0:0:1],在[2020-10-29 20:55:30],访问了[com.bilibili.service.impl.LickServiceImpl.LinkStatus].
用户[0:0:0:0:0:0:0:1],在[2020-10-29 20:55:30],访问了[com.bilibili.service.impl.UserServiceImpl.getUserById].
用户[0:0:0:0:0:0:0:1],在[2020-10-29 20:55:30],访问了[com.bilibili.service.impl.LickServiceImpl.LikeCount].
用户[0:0:0:0:0:0:0:1],在[2020-10-29 20:55:30],访问了[com.bilibili.service.impl.LickServiceImpl.LinkStatus].
用户[0:0:0:0:0:0:0:1],在[2020-10-29 20:55:30],访问了[com.bilibili.service.impl.UserServiceImpl.getUserById].
用户[0:0:0:0:0:0:0:1],在[2020-10-29 20:55:30],访问了[com.bilibili.service.impl.LickServiceImpl.LikeCount].
用户[0:0:0:0:0:0:0:1],在[2020-10-29 20:55:30],访问了[com.bilibili.service.impl.LickServiceImpl.LinkStatus].
用户[0:0:0:0:0:0:0:1],在[2020-10-29 20:55:30],访问了[com.bilibili.service.impl.UserServiceImpl.getUserById].
用户[0:0:0:0:0:0:0:1],在[2020-10-29 20:55:30],访问了[com.bilibili.service.impl.LickServiceImpl.LikeCount].
用户[0:0:0:0:0:0:0:1],在[2020-10-29 20:55:30],访问了[com.bilibili.service.impl.LickServiceImpl.LinkStatus].
用户[0:0:0:0:0:0:0:1],在[2020-10-29 20:55:30],访问了[com.bilibili.service.impl.UserServiceImpl.getUserById].
用户[0:0:0:0:0:0:0:1],在[2020-10-29 20:55:30],访问了[com.bilibili.service.impl.LickServiceImpl.LikeCount].
用户[0:0:0:0:0:0:0:1],在[2020-10-29 20:55:30],访问了[com.bilibili.service.impl.LickServiceImpl.LinkStatus].
用户[0:0:0:0:0:0:0:1],在[2020-10-29 20:55:30],访问了[com.bilibili.service.impl.UserServiceImpl.getUserById].
用户[0:0:0:0:0:0:0:1],在[2020-10-29 20:55:30],访问了[com.bilibili.service.impl.LickServiceImpl.LikeCount].
用户[0:0:0:0:0:0:0:1],在[2020-10-29 20:55:30],访问了[com.bilibili.service.impl.LickServiceImpl.LinkStatus].
用户[0:0:0:0:0:0:0:1],在[2020-10-29 20:55:30],访问了[com.bilibili.service.impl.UserServiceImpl.getUserById].
用户[0:0:0:0:0:0:0:1],在[2020-10-29 20:55:30],访问了[com.bilibili.service.impl.LickServiceImpl.LikeCount].
用户[0:0:0:0:0:0:0:1],在[2020-10-29 20:55:30],访问了[com.bilibili.service.impl.LickServiceImpl.LinkStatus].
用户[0:0:0:0:0:0:0:1],在[2020-10-29 20:57:39],访问了[com.bilibili.service.impl.UserServiceImpl.findLoginTicket].
用户[0:0:0:0:0:0:0:1],在[2020-10-29 20:57:39],访问了[com.bilibili.service.impl.UserServiceImpl.getUserById].
用户[0:0:0:0:0:0:0:1],在[2020-10-29 20:57:39],访问了[com.bilibili.service.impl.UserServiceImpl.logout].
用户[0:0:0:0:0:0:0:1],在[2020-10-29 20:57:39],访问了[com.bilibili.service.impl.UserServiceImpl.findLoginTicket].
用户[0:0:0:0:0:0:0:1],在[2020-10-29 20:57:39],访问了[com.bilibili.service.impl.UserServiceImpl.findLoginTicket].
用户[0:0:0:0:0:0:0:1],在[2020-10-29 20:57:52],访问了[com.bilibili.service.impl.UserServiceImpl.findLoginTicket].
用户[0:0:0:0:0:0:0:1],在[2020-10-29 20:57:52],访问了[com.bilibili.service.impl.UserServiceImpl.login].
用户[0:0:0:0:0:0:0:1],在[2020-10-29 20:57:52],访问了[com.bilibili.service.impl.UserServiceImpl.findLoginTicket].
用户[0:0:0:0:0:0:0:1],在[2020-10-29 20:57:52],访问了[com.bilibili.service.impl.UserServiceImpl.getUserById].
用户[0:0:0:0:0:0:0:1],在[2020-10-29 20:57:52],访问了[com.bilibili.service.impl.DiscussPostServiceImpl.findAllDiscussPost].
用户[0:0:0:0:0:0:0:1],在[2020-10-29 20:57:52],访问了[com.bilibili.service.impl.UserServiceImpl.getUserById].
用户[0:0:0:0:0:0:0:1],在[2020-10-29 20:57:52],访问了[com.bilibili.service.impl.LickServiceImpl.LikeCount].
用户[0:0:0:0:0:0:0:1],在[2020-10-29 20:57:52],访问了[com.bilibili.service.impl.LickServiceImpl.LinkStatus].
用户[0:0:0:0:0:0:0:1],在[2020-10-29 20:57:52],访问了[com.bilibili.service.impl.UserServiceImpl.getUserById].
用户[0:0:0:0:0:0:0:1],在[2020-10-29 20:57:52],访问了[com.bilibili.service.impl.LickServiceImpl.LikeCount].
用户[0:0:0:0:0:0:0:1],在[2020-10-29 20:57:52],访问了[com.bilibili.service.impl.LickServiceImpl.LinkStatus].
用户[0:0:0:0:0:0:0:1],在[2020-10-29 20:57:52],访问了[com.bilibili.service.impl.UserServiceImpl.getUserById].
用户[0:0:0:0:0:0:0:1],在[2020-10-29 20:57:52],访问了[com.bilibili.service.impl.LickServiceImpl.LikeCount].
用户[0:0:0:0:0:0:0:1],在[2020-10-29 20:57:52],访问了[com.bilibili.service.impl.LickServiceImpl.LinkStatus].
用户[0:0:0:0:0:0:0:1],在[2020-10-29 20:57:52],访问了[com.bilibili.service.impl.UserServiceImpl.getUserById].
用户[0:0:0:0:0:0:0:1],在[2020-10-29 20:57:52],访问了[com.bilibili.service.impl.LickServiceImpl.LikeCount].
用户[0:0:0:0:0:0:0:1],在[2020-10-29 20:57:52],访问了[com.bilibili.service.impl.LickServiceImpl.LinkStatus].
用户[0:0:0:0:0:0:0:1],在[2020-10-29 20:57:52],访问了[com.bilibili.service.impl.UserServiceImpl.getUserById].
用户[0:0:0:0:0:0:0:1],在[2020-10-29 20:57:52],访问了[com.bilibili.service.impl.LickServiceImpl.LikeCount].
用户[0:0:0:0:0:0:0:1],在[2020-10-29 20:57:52],访问了[com.bilibili.service.impl.LickServiceImpl.LinkStatus].
用户[0:0:0:0:0:0:0:1],在[2020-10-29 20:57:52],访问了[com.bilibili.service.impl.UserServiceImpl.getUserById].
用户[0:0:0:0:0:0:0:1],在[2020-10-29 20:57:52],访问了[com.bilibili.service.impl.LickServiceImpl.LikeCount].
用户[0:0:0:0:0:0:0:1],在[2020-10-29 20:57:52],访问了[com.bilibili.service.impl.LickServiceImpl.LinkStatus].
用户[0:0:0:0:0:0:0:1],在[2020-10-29 20:57:52],访问了[com.bilibili.service.impl.UserServiceImpl.getUserById].
用户[0:0:0:0:0:0:0:1],在[2020-10-29 20:57:52],访问了[com.bilibili.service.impl.LickServiceImpl.LikeCount].
用户[0:0:0:0:0:0:0:1],在[2020-10-29 20:57:52],访问了[com.bilibili.service.impl.LickServiceImpl.LinkStatus].
用户[0:0:0:0:0:0:0:1],在[2020-10-29 20:57:52],访问了[com.bilibili.service.impl.UserServiceImpl.getUserById].
用户[0:0:0:0:0:0:0:1],在[2020-10-29 20:57:52],访问了[com.bilibili.service.impl.LickServiceImpl.LikeCount].
用户[0:0:0:0:0:0:0:1],在[2020-10-29 20:57:52],访问了[com.bilibili.service.impl.LickServiceImpl.LinkStatus].
用户[0:0:0:0:0:0:0:1],在[2020-10-29 20:57:52],访问了[com.bilibili.service.impl.UserServiceImpl.getUserById].
用户[0:0:0:0:0:0:0:1],在[2020-10-29 20:57:52],访问了[com.bilibili.service.impl.LickServiceImpl.LikeCount].
用户[0:0:0:0:0:0:0:1],在[2020-10-29 20:57:52],访问了[com.bilibili.service.impl.LickServiceImpl.LinkStatus].
用户[0:0:0:0:0:0:0:1],在[2020-10-29 20:57:52],访问了[com.bilibili.service.impl.UserServiceImpl.getUserById].
用户[0:0:0:0:0:0:0:1],在[2020-10-29 20:57:52],访问了[com.bilibili.service.impl.LickServiceImpl.LikeCount].
用户[0:0:0:0:0:0:0:1],在[2020-10-29 20:57:52],访问了[com.bilibili.service.impl.LickServiceImpl.LinkStatus].
用户[0:0:0:0:0:0:0:1],在[2020-10-29 20:57:52],访问了[com.bilibili.service.impl.UserServiceImpl.getUserById].
用户[0:0:0:0:0:0:0:1],在[2020-10-29 20:57:52],访问了[com.bilibili.service.impl.LickServiceImpl.LikeCount].
用户[0:0:0:0:0:0:0:1],在[2020-10-29 20:57:52],访问了[com.bilibili.service.impl.LickServiceImpl.LinkStatus].
用户[0:0:0:0:0:0:0:1],在[2020-10-29 20:57:52],访问了[com.bilibili.service.impl.UserServiceImpl.getUserById].
用户[0:0:0:0:0:0:0:1],在[2020-10-29 20:57:52],访问了[com.bilibili.service.impl.LickServiceImpl.LikeCount].
用户[0:0:0:0:0:0:0:1],在[2020-10-29 20:57:52],访问了[com.bilibili.service.impl.LickServiceImpl.LinkStatus].
用户[0:0:0:0:0:0:0:1],在[2020-10-29 20:57:52],访问了[com.bilibili.service.impl.UserServiceImpl.getUserById].
用户[0:0:0:0:0:0:0:1],在[2020-10-29 20:57:52],访问了[com.bilibili.service.impl.LickServiceImpl.LikeCount].
用户[0:0:0:0:0:0:0:1],在[2020-10-29 20:57:52],访问了[com.bilibili.service.impl.LickServiceImpl.LinkStatus].
用户[0:0:0:0:0:0:0:1],在[2020-10-29 20:57:52],访问了[com.bilibili.service.impl.UserServiceImpl.getUserById].
用户[0:0:0:0:0:0:0:1],在[2020-10-29 20:57:52],访问了[com.bilibili.service.impl.LickServiceImpl.LikeCount].
用户[0:0:0:0:0:0:0:1],在[2020-10-29 20:57:52],访问了[com.bilibili.service.impl.LickServiceImpl.LinkStatus].
用户[0:0:0:0:0:0:0:1],在[2020-10-29 20:57:52],访问了[com.bilibili.service.impl.UserServiceImpl.getUserById].
用户[0:0:0:0:0:0:0:1],在[2020-10-29 20:57:52],访问了[com.bilibili.service.impl.LickServiceImpl.LikeCount].
用户[0:0:0:0:0:0:0:1],在[2020-10-29 20:57:52],访问了[com.bilibili.service.impl.LickServiceImpl.LinkStatus].
用户[0:0:0:0:0:0:0:1],在[2020-10-29 21:00:44],访问了[com.bilibili.service.impl.UserServiceImpl.findLoginTicket].
用户[0:0:0:0:0:0:0:1],在[2020-10-29 21:00:44],访问了[com.bilibili.service.impl.UserServiceImpl.getUserById].
用户[0:0:0:0:0:0:0:1],在[2020-10-29 21:00:44],访问了[com.bilibili.service.impl.UserServiceImpl.logout].
用户[0:0:0:0:0:0:0:1],在[2020-10-29 21:00:44],访问了[com.bilibili.service.impl.UserServiceImpl.findLoginTicket].
用户[0:0:0:0:0:0:0:1],在[2020-10-29 21:00:44],访问了[com.bilibili.service.impl.UserServiceImpl.findLoginTicket].
用户[0:0:0:0:0:0:0:1],在[2020-10-29 21:00:55],访问了[com.bilibili.service.impl.UserServiceImpl.findLoginTicket].
用户[0:0:0:0:0:0:0:1],在[2020-10-29 21:00:55],访问了[com.bilibili.service.impl.UserServiceImpl.login].
用户[0:0:0:0:0:0:0:1],在[2020-10-29 21:00:55],访问了[com.bilibili.service.impl.UserServiceImpl.findLoginTicket].
用户[0:0:0:0:0:0:0:1],在[2020-10-29 21:00:55],访问了[com.bilibili.service.impl.UserServiceImpl.getUserById].
用户[0:0:0:0:0:0:0:1],在[2020-10-29 21:00:55],访问了[com.bilibili.service.impl.DiscussPostServiceImpl.findAllDiscussPost].
用户[0:0:0:0:0:0:0:1],在[2020-10-29 21:00:55],访问了[com.bilibili.service.impl.UserServiceImpl.getUserById].
用户[0:0:0:0:0:0:0:1],在[2020-10-29 21:00:55],访问了[com.bilibili.service.impl.LickServiceImpl.LikeCount].
用户[0:0:0:0:0:0:0:1],在[2020-10-29 21:00:55],访问了[com.bilibili.service.impl.LickServiceImpl.LinkStatus].
用户[0:0:0:0:0:0:0:1],在[2020-10-29 21:00:55],访问了[com.bilibili.service.impl.UserServiceImpl.getUserById].
用户[0:0:0:0:0:0:0:1],在[2020-10-29 21:00:55],访问了[com.bilibili.service.impl.LickServiceImpl.LikeCount].
用户[0:0:0:0:0:0:0:1],在[2020-10-29 21:00:55],访问了[com.bilibili.service.impl.LickServiceImpl.LinkStatus].
用户[0:0:0:0:0:0:0:1],在[2020-10-29 21:00:55],访问了[com.bilibili.service.impl.UserServiceImpl.getUserById].
用户[0:0:0:0:0:0:0:1],在[2020-10-29 21:00:55],访问了[com.bilibili.service.impl.LickServiceImpl.LikeCount].
用户[0:0:0:0:0:0:0:1],在[2020-10-29 21:00:55],访问了[com.bilibili.service.impl.LickServiceImpl.LinkStatus].
用户[0:0:0:0:0:0:0:1],在[2020-10-29 21:00:55],访问了[com.bilibili.service.impl.UserServiceImpl.getUserById].
用户[0:0:0:0:0:0:0:1],在[2020-10-29 21:00:55],访问了[com.bilibili.service.impl.LickServiceImpl.LikeCount].
用户[0:0:0:0:0:0:0:1],在[2020-10-29 21:00:55],访问了[com.bilibili.service.impl.LickServiceImpl.LinkStatus].
用户[0:0:0:0:0:0:0:1],在[2020-10-29 21:00:55],访问了[com.bilibili.service.impl.UserServiceImpl.getUserById].
用户[0:0:0:0:0:0:0:1],在[2020-10-29 21:00:55],访问了[com.bilibili.service.impl.LickServiceImpl.LikeCount].
用户[0:0:0:0:0:0:0:1],在[2020-10-29 21:00:55],访问了[com.bilibili.service.impl.LickServiceImpl.LinkStatus].
用户[0:0:0:0:0:0:0:1],在[2020-10-29 21:00:55],访问了[com.bilibili.service.impl.UserServiceImpl.getUserById].
用户[0:0:0:0:0:0:0:1],在[2020-10-29 21:00:55],访问了[com.bilibili.service.impl.LickServiceImpl.LikeCount].
用户[0:0:0:0:0:0:0:1],在[2020-10-29 21:00:55],访问了[com.bilibili.service.impl.LickServiceImpl.LinkStatus].
用户[0:0:0:0:0:0:0:1],在[2020-10-29 21:00:55],访问了[com.bilibili.service.impl.UserServiceImpl.getUserById].
用户[0:0:0:0:0:0:0:1],在[2020-10-29 21:00:55],访问了[com.bilibili.service.impl.LickServiceImpl.LikeCount].
用户[0:0:0:0:0:0:0:1],在[2020-10-29 21:00:55],访问了[com.bilibili.service.impl.LickServiceImpl.LinkStatus].
用户[0:0:0:0:0:0:0:1],在[2020-10-29 21:00:55],访问了[com.bilibili.service.impl.UserServiceImpl.getUserById].
用户[0:0:0:0:0:0:0:1],在[2020-10-29 21:00:55],访问了[com.bilibili.service.impl.LickServiceImpl.LikeCount].
用户[0:0:0:0:0:0:0:1],在[2020-10-29 21:00:55],访问了[com.bilibili.service.impl.LickServiceImpl.LinkStatus].
用户[0:0:0:0:0:0:0:1],在[2020-10-29 21:00:55],访问了[com.bilibili.service.impl.UserServiceImpl.getUserById].
用户[0:0:0:0:0:0:0:1],在[2020-10-29 21:00:55],访问了[com.bilibili.service.impl.LickServiceImpl.LikeCount].
用户[0:0:0:0:0:0:0:1],在[2020-10-29 21:00:55],访问了[com.bilibili.service.impl.LickServiceImpl.LinkStatus].
用户[0:0:0:0:0:0:0:1],在[2020-10-29 21:00:55],访问了[com.bilibili.service.impl.UserServiceImpl.getUserById].
用户[0:0:0:0:0:0:0:1],在[2020-10-29 21:00:55],访问了[com.bilibili.service.impl.LickServiceImpl.LikeCount].
用户[0:0:0:0:0:0:0:1],在[2020-10-29 21:00:55],访问了[com.bilibili.service.impl.LickServiceImpl.LinkStatus].
用户[0:0:0:0:0:0:0:1],在[2020-10-29 21:00:55],访问了[com.bilibili.service.impl.UserServiceImpl.getUserById].
用户[0:0:0:0:0:0:0:1],在[2020-10-29 21:00:55],访问了[com.bilibili.service.impl.LickServiceImpl.LikeCount].
用户[0:0:0:0:0:0:0:1],在[2020-10-29 21:00:55],访问了[com.bilibili.service.impl.LickServiceImpl.LinkStatus].
用户[0:0:0:0:0:0:0:1],在[2020-10-29 21:00:55],访问了[com.bilibili.service.impl.UserServiceImpl.getUserById].
用户[0:0:0:0:0:0:0:1],在[2020-10-29 21:00:55],访问了[com.bilibili.service.impl.LickServiceImpl.LikeCount].
用户[0:0:0:0:0:0:0:1],在[2020-10-29 21:00:55],访问了[com.bilibili.service.impl.LickServiceImpl.LinkStatus].
用户[0:0:0:0:0:0:0:1],在[2020-10-29 21:00:55],访问了[com.bilibili.service.impl.UserServiceImpl.getUserById].
用户[0:0:0:0:0:0:0:1],在[2020-10-29 21:00:55],访问了[com.bilibili.service.impl.LickServiceImpl.LikeCount].
用户[0:0:0:0:0:0:0:1],在[2020-10-29 21:00:55],访问了[com.bilibili.service.impl.LickServiceImpl.LinkStatus].
用户[0:0:0:0:0:0:0:1],在[2020-10-29 21:00:55],访问了[com.bilibili.service.impl.UserServiceImpl.getUserById].
用户[0:0:0:0:0:0:0:1],在[2020-10-29 21:00:55],访问了[com.bilibili.service.impl.LickServiceImpl.LikeCount].
用户[0:0:0:0:0:0:0:1],在[2020-10-29 21:00:55],访问了[com.bilibili.service.impl.LickServiceImpl.LinkStatus].
用户[0:0:0:0:0:0:0:1],在[2020-10-29 21:00:55],访问了[com.bilibili.service.impl.UserServiceImpl.getUserById].
用户[0:0:0:0:0:0:0:1],在[2020-10-29 21:00:55],访问了[com.bilibili.service.impl.LickServiceImpl.LikeCount].
用户[0:0:0:0:0:0:0:1],在[2020-10-29 21:00:55],访问了[com.bilibili.service.impl.LickServiceImpl.LinkStatus].
Starting CommunityApplication on DESKTOP-QPE2857 with PID 17004 (D:\编程\community\target\classes started by 北极光。 in D:\编程\community)
No active profile set, falling back to default profiles: default
Devtools property defaults active! Set 'spring.devtools.add-properties' to 'false' to disable
For additional web related logging consider setting the 'logging.level.web' property to 'DEBUG'
Multiple Spring Data modules found, entering strict repository configuration mode!
Bootstrapping Spring Data Redis repositories in DEFAULT mode.
Finished Spring Data repository scanning in 11ms. Found 0 Redis repository interfaces.
Tomcat initialized with port(s): 8989 (http)
Initializing ProtocolHandler ["http-nio-8989"]
Starting service [Tomcat]
Starting Servlet engine: [Apache Tomcat/9.0.38]
Loaded Apache Tomcat Native library [1.2.23] using APR version [1.7.0].
APR capabilities: IPv6 [true], sendfile [true], accept filters [false], random [true].
APR/OpenSSL configuration: useAprConnector [false], useOpenSSL [true]
OpenSSL successfully initialized [OpenSSL 1.1.1c  28 May 2019]
Initializing Spring embedded WebApplicationContext
Root WebApplicationContext: initialization completed in 1250 ms
Initializing ExecutorService 'applicationTaskExecutor'
Adding welcome page template: index
LiveReload server is running on port 35729
Starting ProtocolHandler ["http-nio-8989"]
Tomcat started on port(s): 8989 (http) with context path '/community'
Started CommunityApplication in 2.668 seconds (JVM running for 3.53)
Starting CommunityApplication on DESKTOP-QPE2857 with PID 17748 (D:\编程\community\target\classes started by 北极光。 in D:\编程\community)
No active profile set, falling back to default profiles: default
Devtools property defaults active! Set 'spring.devtools.add-properties' to 'false' to disable
For additional web related logging consider setting the 'logging.level.web' property to 'DEBUG'
Multiple Spring Data modules found, entering strict repository configuration mode!
Bootstrapping Spring Data Redis repositories in DEFAULT mode.
Finished Spring Data repository scanning in 10ms. Found 0 Redis repository interfaces.
Tomcat initialized with port(s): 8989 (http)
Initializing ProtocolHandler ["http-nio-8989"]
Starting service [Tomcat]
Starting Servlet engine: [Apache Tomcat/9.0.38]
Loaded Apache Tomcat Native library [1.2.23] using APR version [1.7.0].
APR capabilities: IPv6 [true], sendfile [true], accept filters [false], random [true].
APR/OpenSSL configuration: useAprConnector [false], useOpenSSL [true]
OpenSSL successfully initialized [OpenSSL 1.1.1c  28 May 2019]
Initializing Spring embedded WebApplicationContext
Root WebApplicationContext: initialization completed in 1173 ms
Initializing ExecutorService 'applicationTaskExecutor'
Adding welcome page template: index
LiveReload server is running on port 35729
Starting ProtocolHandler ["http-nio-8989"]
Tomcat started on port(s): 8989 (http) with context path '/community'
Started CommunityApplication in 2.523 seconds (JVM running for 3.38)
Initializing Spring DispatcherServlet 'dispatcherServlet'
Initializing Servlet 'dispatcherServlet'
Completed initialization in 8 ms
用户[0:0:0:0:0:0:0:1],在[2020-10-29 22:02:40],访问了[com.bilibili.service.impl.UserServiceImpl.findLoginTicket].
用户[0:0:0:0:0:0:0:1],在[2020-10-29 22:02:41],访问了[com.bilibili.service.impl.UserServiceImpl.getUserById].
{dataSource-1} inited
用户[0:0:0:0:0:0:0:1],在[2020-10-29 22:02:41],访问了[com.bilibili.service.impl.DiscussPostServiceImpl.findAllDiscussPost].
用户[0:0:0:0:0:0:0:1],在[2020-10-29 22:02:41],访问了[com.bilibili.service.impl.UserServiceImpl.getUserById].
用户[0:0:0:0:0:0:0:1],在[2020-10-29 22:02:41],访问了[com.bilibili.service.impl.LickServiceImpl.LikeCount].
用户[0:0:0:0:0:0:0:1],在[2020-10-29 22:02:41],访问了[com.bilibili.service.impl.LickServiceImpl.LinkStatus].
用户[0:0:0:0:0:0:0:1],在[2020-10-29 22:02:41],访问了[com.bilibili.service.impl.UserServiceImpl.getUserById].
用户[0:0:0:0:0:0:0:1],在[2020-10-29 22:02:41],访问了[com.bilibili.service.impl.LickServiceImpl.LikeCount].
用户[0:0:0:0:0:0:0:1],在[2020-10-29 22:02:41],访问了[com.bilibili.service.impl.LickServiceImpl.LinkStatus].
用户[0:0:0:0:0:0:0:1],在[2020-10-29 22:02:41],访问了[com.bilibili.service.impl.UserServiceImpl.getUserById].
用户[0:0:0:0:0:0:0:1],在[2020-10-29 22:02:41],访问了[com.bilibili.service.impl.LickServiceImpl.LikeCount].
用户[0:0:0:0:0:0:0:1],在[2020-10-29 22:02:41],访问了[com.bilibili.service.impl.LickServiceImpl.LinkStatus].
用户[0:0:0:0:0:0:0:1],在[2020-10-29 22:02:41],访问了[com.bilibili.service.impl.UserServiceImpl.getUserById].
用户[0:0:0:0:0:0:0:1],在[2020-10-29 22:02:41],访问了[com.bilibili.service.impl.LickServiceImpl.LikeCount].
用户[0:0:0:0:0:0:0:1],在[2020-10-29 22:02:41],访问了[com.bilibili.service.impl.LickServiceImpl.LinkStatus].
用户[0:0:0:0:0:0:0:1],在[2020-10-29 22:02:41],访问了[com.bilibili.service.impl.UserServiceImpl.getUserById].
用户[0:0:0:0:0:0:0:1],在[2020-10-29 22:02:41],访问了[com.bilibili.service.impl.LickServiceImpl.LikeCount].
用户[0:0:0:0:0:0:0:1],在[2020-10-29 22:02:41],访问了[com.bilibili.service.impl.LickServiceImpl.LinkStatus].
用户[0:0:0:0:0:0:0:1],在[2020-10-29 22:02:41],访问了[com.bilibili.service.impl.UserServiceImpl.getUserById].
用户[0:0:0:0:0:0:0:1],在[2020-10-29 22:02:41],访问了[com.bilibili.service.impl.LickServiceImpl.LikeCount].
用户[0:0:0:0:0:0:0:1],在[2020-10-29 22:02:41],访问了[com.bilibili.service.impl.LickServiceImpl.LinkStatus].
用户[0:0:0:0:0:0:0:1],在[2020-10-29 22:02:41],访问了[com.bilibili.service.impl.UserServiceImpl.getUserById].
用户[0:0:0:0:0:0:0:1],在[2020-10-29 22:02:41],访问了[com.bilibili.service.impl.LickServiceImpl.LikeCount].
用户[0:0:0:0:0:0:0:1],在[2020-10-29 22:02:41],访问了[com.bilibili.service.impl.LickServiceImpl.LinkStatus].
用户[0:0:0:0:0:0:0:1],在[2020-10-29 22:02:41],访问了[com.bilibili.service.impl.UserServiceImpl.getUserById].
用户[0:0:0:0:0:0:0:1],在[2020-10-29 22:02:41],访问了[com.bilibili.service.impl.LickServiceImpl.LikeCount].
用户[0:0:0:0:0:0:0:1],在[2020-10-29 22:02:41],访问了[com.bilibili.service.impl.LickServiceImpl.LinkStatus].
用户[0:0:0:0:0:0:0:1],在[2020-10-29 22:02:41],访问了[com.bilibili.service.impl.UserServiceImpl.getUserById].
用户[0:0:0:0:0:0:0:1],在[2020-10-29 22:02:41],访问了[com.bilibili.service.impl.LickServiceImpl.LikeCount].
用户[0:0:0:0:0:0:0:1],在[2020-10-29 22:02:41],访问了[com.bilibili.service.impl.LickServiceImpl.LinkStatus].
用户[0:0:0:0:0:0:0:1],在[2020-10-29 22:02:41],访问了[com.bilibili.service.impl.UserServiceImpl.getUserById].
用户[0:0:0:0:0:0:0:1],在[2020-10-29 22:02:41],访问了[com.bilibili.service.impl.LickServiceImpl.LikeCount].
用户[0:0:0:0:0:0:0:1],在[2020-10-29 22:02:41],访问了[com.bilibili.service.impl.LickServiceImpl.LinkStatus].
用户[0:0:0:0:0:0:0:1],在[2020-10-29 22:02:41],访问了[com.bilibili.service.impl.UserServiceImpl.getUserById].
用户[0:0:0:0:0:0:0:1],在[2020-10-29 22:02:41],访问了[com.bilibili.service.impl.LickServiceImpl.LikeCount].
用户[0:0:0:0:0:0:0:1],在[2020-10-29 22:02:41],访问了[com.bilibili.service.impl.LickServiceImpl.LinkStatus].
用户[0:0:0:0:0:0:0:1],在[2020-10-29 22:02:41],访问了[com.bilibili.service.impl.UserServiceImpl.getUserById].
用户[0:0:0:0:0:0:0:1],在[2020-10-29 22:02:41],访问了[com.bilibili.service.impl.LickServiceImpl.LikeCount].
用户[0:0:0:0:0:0:0:1],在[2020-10-29 22:02:41],访问了[com.bilibili.service.impl.LickServiceImpl.LinkStatus].
用户[0:0:0:0:0:0:0:1],在[2020-10-29 22:02:41],访问了[com.bilibili.service.impl.UserServiceImpl.getUserById].
用户[0:0:0:0:0:0:0:1],在[2020-10-29 22:02:41],访问了[com.bilibili.service.impl.LickServiceImpl.LikeCount].
用户[0:0:0:0:0:0:0:1],在[2020-10-29 22:02:41],访问了[com.bilibili.service.impl.LickServiceImpl.LinkStatus].
用户[0:0:0:0:0:0:0:1],在[2020-10-29 22:02:41],访问了[com.bilibili.service.impl.UserServiceImpl.getUserById].
用户[0:0:0:0:0:0:0:1],在[2020-10-29 22:02:41],访问了[com.bilibili.service.impl.LickServiceImpl.LikeCount].
用户[0:0:0:0:0:0:0:1],在[2020-10-29 22:02:41],访问了[com.bilibili.service.impl.LickServiceImpl.LinkStatus].
用户[0:0:0:0:0:0:0:1],在[2020-10-29 22:02:41],访问了[com.bilibili.service.impl.UserServiceImpl.getUserById].
用户[0:0:0:0:0:0:0:1],在[2020-10-29 22:02:41],访问了[com.bilibili.service.impl.LickServiceImpl.LikeCount].
用户[0:0:0:0:0:0:0:1],在[2020-10-29 22:02:41],访问了[com.bilibili.service.impl.LickServiceImpl.LinkStatus].
用户[0:0:0:0:0:0:0:1],在[2020-10-29 22:03:11],访问了[com.bilibili.service.impl.UserServiceImpl.findLoginTicket].
用户[0:0:0:0:0:0:0:1],在[2020-10-29 22:03:11],访问了[com.bilibili.service.impl.UserServiceImpl.getUserById].
用户[0:0:0:0:0:0:0:1],在[2020-10-29 22:03:11],访问了[com.bilibili.service.impl.UserServiceImpl.getUserById].
用户[0:0:0:0:0:0:0:1],在[2020-10-29 22:03:11],访问了[com.bilibili.service.impl.LickServiceImpl.userLikeCount].
用户[0:0:0:0:0:0:0:1],在[2020-10-29 22:03:11],访问了[com.bilibili.service.impl.FollowServiceImpl.FolloweeCount].
用户[0:0:0:0:0:0:0:1],在[2020-10-29 22:03:11],访问了[com.bilibili.service.impl.FollowServiceImpl.FollowersCount].
用户[0:0:0:0:0:0:0:1],在[2020-10-29 22:03:11],访问了[com.bilibili.service.impl.FollowServiceImpl.isFollow].
用户[0:0:0:0:0:0:0:1],在[2020-10-29 22:03:14],访问了[com.bilibili.service.impl.UserServiceImpl.findLoginTicket].
用户[0:0:0:0:0:0:0:1],在[2020-10-29 22:03:14],访问了[com.bilibili.service.impl.UserServiceImpl.getUserById].
用户[0:0:0:0:0:0:0:1],在[2020-10-29 22:03:14],访问了[com.bilibili.service.impl.UserServiceImpl.getUserById].
用户[0:0:0:0:0:0:0:1],在[2020-10-29 22:03:14],访问了[com.bilibili.service.impl.FollowServiceImpl.followerList].
用户[0:0:0:0:0:0:0:1],在[2020-10-29 22:03:14],访问了[com.bilibili.service.impl.UserServiceImpl.getUserById].
用户[0:0:0:0:0:0:0:1],在[2020-10-29 22:03:14],访问了[com.bilibili.service.impl.FollowServiceImpl.followerList].
用户[0:0:0:0:0:0:0:1],在[2020-10-29 22:03:14],访问了[com.bilibili.service.impl.UserServiceImpl.getUserById].
用户[0:0:0:0:0:0:0:1],在[2020-10-29 22:03:14],访问了[com.bilibili.service.impl.FollowServiceImpl.isFollow].
用户[0:0:0:0:0:0:0:1],在[2020-10-29 22:03:24],访问了[com.bilibili.service.impl.UserServiceImpl.findLoginTicket].
用户[0:0:0:0:0:0:0:1],在[2020-10-29 22:03:24],访问了[com.bilibili.service.impl.UserServiceImpl.getUserById].
用户[0:0:0:0:0:0:0:1],在[2020-10-29 22:03:24],访问了[com.bilibili.service.impl.UserServiceImpl.getUserById].
用户[0:0:0:0:0:0:0:1],在[2020-10-29 22:03:24],访问了[com.bilibili.service.impl.FollowServiceImpl.followeeList].
用户[0:0:0:0:0:0:0:1],在[2020-10-29 22:03:24],访问了[com.bilibili.service.impl.FollowServiceImpl.followeeList].
用户[0:0:0:0:0:0:0:1],在[2020-10-29 22:03:25],访问了[com.bilibili.service.impl.UserServiceImpl.findLoginTicket].
用户[0:0:0:0:0:0:0:1],在[2020-10-29 22:03:25],访问了[com.bilibili.service.impl.UserServiceImpl.getUserById].
用户[0:0:0:0:0:0:0:1],在[2020-10-29 22:03:25],访问了[com.bilibili.service.impl.UserServiceImpl.getUserById].
用户[0:0:0:0:0:0:0:1],在[2020-10-29 22:03:25],访问了[com.bilibili.service.impl.FollowServiceImpl.followerList].
用户[0:0:0:0:0:0:0:1],在[2020-10-29 22:03:25],访问了[com.bilibili.service.impl.UserServiceImpl.getUserById].
用户[0:0:0:0:0:0:0:1],在[2020-10-29 22:03:25],访问了[com.bilibili.service.impl.FollowServiceImpl.followerList].
用户[0:0:0:0:0:0:0:1],在[2020-10-29 22:03:25],访问了[com.bilibili.service.impl.UserServiceImpl.getUserById].
用户[0:0:0:0:0:0:0:1],在[2020-10-29 22:03:25],访问了[com.bilibili.service.impl.FollowServiceImpl.isFollow].
用户[0:0:0:0:0:0:0:1],在[2020-10-29 22:03:26],访问了[com.bilibili.service.impl.UserServiceImpl.findLoginTicket].
用户[0:0:0:0:0:0:0:1],在[2020-10-29 22:03:26],访问了[com.bilibili.service.impl.UserServiceImpl.getUserById].
用户[0:0:0:0:0:0:0:1],在[2020-10-29 22:03:26],访问了[com.bilibili.service.impl.DiscussPostServiceImpl.findAllDiscussPost].
用户[0:0:0:0:0:0:0:1],在[2020-10-29 22:03:26],访问了[com.bilibili.service.impl.UserServiceImpl.getUserById].
用户[0:0:0:0:0:0:0:1],在[2020-10-29 22:03:26],访问了[com.bilibili.service.impl.LickServiceImpl.LikeCount].
用户[0:0:0:0:0:0:0:1],在[2020-10-29 22:03:26],访问了[com.bilibili.service.impl.LickServiceImpl.LinkStatus].
用户[0:0:0:0:0:0:0:1],在[2020-10-29 22:03:26],访问了[com.bilibili.service.impl.UserServiceImpl.getUserById].
用户[0:0:0:0:0:0:0:1],在[2020-10-29 22:03:26],访问了[com.bilibili.service.impl.LickServiceImpl.LikeCount].
用户[0:0:0:0:0:0:0:1],在[2020-10-29 22:03:26],访问了[com.bilibili.service.impl.LickServiceImpl.LinkStatus].
用户[0:0:0:0:0:0:0:1],在[2020-10-29 22:03:26],访问了[com.bilibili.service.impl.UserServiceImpl.getUserById].
用户[0:0:0:0:0:0:0:1],在[2020-10-29 22:03:26],访问了[com.bilibili.service.impl.LickServiceImpl.LikeCount].
用户[0:0:0:0:0:0:0:1],在[2020-10-29 22:03:26],访问了[com.bilibili.service.impl.LickServiceImpl.LinkStatus].
用户[0:0:0:0:0:0:0:1],在[2020-10-29 22:03:26],访问了[com.bilibili.service.impl.UserServiceImpl.getUserById].
用户[0:0:0:0:0:0:0:1],在[2020-10-29 22:03:26],访问了[com.bilibili.service.impl.LickServiceImpl.LikeCount].
用户[0:0:0:0:0:0:0:1],在[2020-10-29 22:03:26],访问了[com.bilibili.service.impl.LickServiceImpl.LinkStatus].
用户[0:0:0:0:0:0:0:1],在[2020-10-29 22:03:26],访问了[com.bilibili.service.impl.UserServiceImpl.getUserById].
用户[0:0:0:0:0:0:0:1],在[2020-10-29 22:03:26],访问了[com.bilibili.service.impl.LickServiceImpl.LikeCount].
用户[0:0:0:0:0:0:0:1],在[2020-10-29 22:03:26],访问了[com.bilibili.service.impl.LickServiceImpl.LinkStatus].
用户[0:0:0:0:0:0:0:1],在[2020-10-29 22:03:26],访问了[com.bilibili.service.impl.UserServiceImpl.getUserById].
用户[0:0:0:0:0:0:0:1],在[2020-10-29 22:03:26],访问了[com.bilibili.service.impl.LickServiceImpl.LikeCount].
用户[0:0:0:0:0:0:0:1],在[2020-10-29 22:03:26],访问了[com.bilibili.service.impl.LickServiceImpl.LinkStatus].
用户[0:0:0:0:0:0:0:1],在[2020-10-29 22:03:26],访问了[com.bilibili.service.impl.UserServiceImpl.getUserById].
用户[0:0:0:0:0:0:0:1],在[2020-10-29 22:03:26],访问了[com.bilibili.service.impl.LickServiceImpl.LikeCount].
用户[0:0:0:0:0:0:0:1],在[2020-10-29 22:03:26],访问了[com.bilibili.service.impl.LickServiceImpl.LinkStatus].
用户[0:0:0:0:0:0:0:1],在[2020-10-29 22:03:26],访问了[com.bilibili.service.impl.UserServiceImpl.getUserById].
用户[0:0:0:0:0:0:0:1],在[2020-10-29 22:03:26],访问了[com.bilibili.service.impl.LickServiceImpl.LikeCount].
用户[0:0:0:0:0:0:0:1],在[2020-10-29 22:03:26],访问了[com.bilibili.service.impl.LickServiceImpl.LinkStatus].
用户[0:0:0:0:0:0:0:1],在[2020-10-29 22:03:26],访问了[com.bilibili.service.impl.UserServiceImpl.getUserById].
用户[0:0:0:0:0:0:0:1],在[2020-10-29 22:03:26],访问了[com.bilibili.service.impl.LickServiceImpl.LikeCount].
用户[0:0:0:0:0:0:0:1],在[2020-10-29 22:03:26],访问了[com.bilibili.service.impl.LickServiceImpl.LinkStatus].
用户[0:0:0:0:0:0:0:1],在[2020-10-29 22:03:26],访问了[com.bilibili.service.impl.UserServiceImpl.getUserById].
用户[0:0:0:0:0:0:0:1],在[2020-10-29 22:03:26],访问了[com.bilibili.service.impl.LickServiceImpl.LikeCount].
用户[0:0:0:0:0:0:0:1],在[2020-10-29 22:03:26],访问了[com.bilibili.service.impl.LickServiceImpl.LinkStatus].
用户[0:0:0:0:0:0:0:1],在[2020-10-29 22:03:26],访问了[com.bilibili.service.impl.UserServiceImpl.getUserById].
用户[0:0:0:0:0:0:0:1],在[2020-10-29 22:03:26],访问了[com.bilibili.service.impl.LickServiceImpl.LikeCount].
用户[0:0:0:0:0:0:0:1],在[2020-10-29 22:03:26],访问了[com.bilibili.service.impl.LickServiceImpl.LinkStatus].
用户[0:0:0:0:0:0:0:1],在[2020-10-29 22:03:26],访问了[com.bilibili.service.impl.UserServiceImpl.getUserById].
用户[0:0:0:0:0:0:0:1],在[2020-10-29 22:03:26],访问了[com.bilibili.service.impl.LickServiceImpl.LikeCount].
用户[0:0:0:0:0:0:0:1],在[2020-10-29 22:03:26],访问了[com.bilibili.service.impl.LickServiceImpl.LinkStatus].
用户[0:0:0:0:0:0:0:1],在[2020-10-29 22:03:26],访问了[com.bilibili.service.impl.UserServiceImpl.getUserById].
用户[0:0:0:0:0:0:0:1],在[2020-10-29 22:03:26],访问了[com.bilibili.service.impl.LickServiceImpl.LikeCount].
用户[0:0:0:0:0:0:0:1],在[2020-10-29 22:03:26],访问了[com.bilibili.service.impl.LickServiceImpl.LinkStatus].
用户[0:0:0:0:0:0:0:1],在[2020-10-29 22:03:26],访问了[com.bilibili.service.impl.UserServiceImpl.getUserById].
用户[0:0:0:0:0:0:0:1],在[2020-10-29 22:03:26],访问了[com.bilibili.service.impl.LickServiceImpl.LikeCount].
用户[0:0:0:0:0:0:0:1],在[2020-10-29 22:03:26],访问了[com.bilibili.service.impl.LickServiceImpl.LinkStatus].
用户[0:0:0:0:0:0:0:1],在[2020-10-29 22:03:26],访问了[com.bilibili.service.impl.UserServiceImpl.getUserById].
用户[0:0:0:0:0:0:0:1],在[2020-10-29 22:03:26],访问了[com.bilibili.service.impl.LickServiceImpl.LikeCount].
用户[0:0:0:0:0:0:0:1],在[2020-10-29 22:03:26],访问了[com.bilibili.service.impl.LickServiceImpl.LinkStatus].
用户[0:0:0:0:0:0:0:1],在[2020-10-29 22:03:27],访问了[com.bilibili.service.impl.UserServiceImpl.findLoginTicket].
用户[0:0:0:0:0:0:0:1],在[2020-10-29 22:03:27],访问了[com.bilibili.service.impl.UserServiceImpl.getUserById].
用户[0:0:0:0:0:0:0:1],在[2020-10-29 22:03:27],访问了[com.bilibili.service.impl.UserServiceImpl.getUserById].
用户[0:0:0:0:0:0:0:1],在[2020-10-29 22:03:27],访问了[com.bilibili.service.impl.LickServiceImpl.userLikeCount].
用户[0:0:0:0:0:0:0:1],在[2020-10-29 22:03:27],访问了[com.bilibili.service.impl.FollowServiceImpl.FolloweeCount].
用户[0:0:0:0:0:0:0:1],在[2020-10-29 22:03:27],访问了[com.bilibili.service.impl.FollowServiceImpl.FollowersCount].
用户[0:0:0:0:0:0:0:1],在[2020-10-29 22:03:27],访问了[com.bilibili.service.impl.FollowServiceImpl.isFollow].
用户[0:0:0:0:0:0:0:1],在[2020-10-29 22:03:31],访问了[com.bilibili.service.impl.UserServiceImpl.findLoginTicket].
用户[0:0:0:0:0:0:0:1],在[2020-10-29 22:03:31],访问了[com.bilibili.service.impl.UserServiceImpl.getUserById].
用户[0:0:0:0:0:0:0:1],在[2020-10-29 22:03:31],访问了[com.bilibili.service.impl.UserServiceImpl.getUserById].
用户[0:0:0:0:0:0:0:1],在[2020-10-29 22:03:31],访问了[com.bilibili.service.impl.FollowServiceImpl.followerList].
用户[0:0:0:0:0:0:0:1],在[2020-10-29 22:03:31],访问了[com.bilibili.service.impl.UserServiceImpl.getUserById].
用户[0:0:0:0:0:0:0:1],在[2020-10-29 22:03:31],访问了[com.bilibili.service.impl.FollowServiceImpl.followerList].
用户[0:0:0:0:0:0:0:1],在[2020-10-29 22:03:31],访问了[com.bilibili.service.impl.UserServiceImpl.getUserById].
用户[0:0:0:0:0:0:0:1],在[2020-10-29 22:03:31],访问了[com.bilibili.service.impl.FollowServiceImpl.isFollow].
用户[0:0:0:0:0:0:0:1],在[2020-10-29 22:03:32],访问了[com.bilibili.service.impl.UserServiceImpl.findLoginTicket].
用户[0:0:0:0:0:0:0:1],在[2020-10-29 22:03:32],访问了[com.bilibili.service.impl.UserServiceImpl.getUserById].
用户[0:0:0:0:0:0:0:1],在[2020-10-29 22:03:32],访问了[com.bilibili.service.impl.UserServiceImpl.getUserById].
用户[0:0:0:0:0:0:0:1],在[2020-10-29 22:03:32],访问了[com.bilibili.service.impl.LickServiceImpl.userLikeCount].
用户[0:0:0:0:0:0:0:1],在[2020-10-29 22:03:32],访问了[com.bilibili.service.impl.FollowServiceImpl.FolloweeCount].
用户[0:0:0:0:0:0:0:1],在[2020-10-29 22:03:32],访问了[com.bilibili.service.impl.FollowServiceImpl.FollowersCount].
用户[0:0:0:0:0:0:0:1],在[2020-10-29 22:03:32],访问了[com.bilibili.service.impl.FollowServiceImpl.isFollow].
用户[0:0:0:0:0:0:0:1],在[2020-10-29 22:03:37],访问了[com.bilibili.service.impl.UserServiceImpl.findLoginTicket].
用户[0:0:0:0:0:0:0:1],在[2020-10-29 22:03:37],访问了[com.bilibili.service.impl.UserServiceImpl.getUserById].
用户[0:0:0:0:0:0:0:1],在[2020-10-29 22:03:37],访问了[com.bilibili.service.impl.UserServiceImpl.getUserById].
用户[0:0:0:0:0:0:0:1],在[2020-10-29 22:03:37],访问了[com.bilibili.service.impl.FollowServiceImpl.followeeList].
用户[0:0:0:0:0:0:0:1],在[2020-10-29 22:03:37],访问了[com.bilibili.service.impl.UserServiceImpl.getUserById].
用户[0:0:0:0:0:0:0:1],在[2020-10-29 22:03:37],访问了[com.bilibili.service.impl.UserServiceImpl.getUserById].
用户[0:0:0:0:0:0:0:1],在[2020-10-29 22:03:37],访问了[com.bilibili.service.impl.UserServiceImpl.getUserById].
用户[0:0:0:0:0:0:0:1],在[2020-10-29 22:03:37],访问了[com.bilibili.service.impl.UserServiceImpl.getUserById].
用户[0:0:0:0:0:0:0:1],在[2020-10-29 22:03:37],访问了[com.bilibili.service.impl.UserServiceImpl.getUserById].
用户[0:0:0:0:0:0:0:1],在[2020-10-29 22:03:37],访问了[com.bilibili.service.impl.UserServiceImpl.getUserById].
用户[0:0:0:0:0:0:0:1],在[2020-10-29 22:03:37],访问了[com.bilibili.service.impl.UserServiceImpl.getUserById].
用户[0:0:0:0:0:0:0:1],在[2020-10-29 22:03:37],访问了[com.bilibili.service.impl.UserServiceImpl.getUserById].
用户[0:0:0:0:0:0:0:1],在[2020-10-29 22:03:37],访问了[com.bilibili.service.impl.UserServiceImpl.getUserById].
用户[0:0:0:0:0:0:0:1],在[2020-10-29 22:03:37],访问了[com.bilibili.service.impl.UserServiceImpl.getUserById].
用户[0:0:0:0:0:0:0:1],在[2020-10-29 22:03:37],访问了[com.bilibili.service.impl.UserServiceImpl.getUserById].
用户[0:0:0:0:0:0:0:1],在[2020-10-29 22:03:37],访问了[com.bilibili.service.impl.FollowServiceImpl.followeeList].
用户[0:0:0:0:0:0:0:1],在[2020-10-29 22:03:37],访问了[com.bilibili.service.impl.UserServiceImpl.getUserById].
用户[0:0:0:0:0:0:0:1],在[2020-10-29 22:03:37],访问了[com.bilibili.service.impl.UserServiceImpl.getUserById].
用户[0:0:0:0:0:0:0:1],在[2020-10-29 22:03:37],访问了[com.bilibili.service.impl.UserServiceImpl.getUserById].
用户[0:0:0:0:0:0:0:1],在[2020-10-29 22:03:37],访问了[com.bilibili.service.impl.UserServiceImpl.getUserById].
用户[0:0:0:0:0:0:0:1],在[2020-10-29 22:03:37],访问了[com.bilibili.service.impl.UserServiceImpl.getUserById].
用户[0:0:0:0:0:0:0:1],在[2020-10-29 22:03:37],访问了[com.bilibili.service.impl.UserServiceImpl.getUserById].
用户[0:0:0:0:0:0:0:1],在[2020-10-29 22:03:37],访问了[com.bilibili.service.impl.UserServiceImpl.getUserById].
用户[0:0:0:0:0:0:0:1],在[2020-10-29 22:03:37],访问了[com.bilibili.service.impl.UserServiceImpl.getUserById].
用户[0:0:0:0:0:0:0:1],在[2020-10-29 22:03:37],访问了[com.bilibili.service.impl.UserServiceImpl.getUserById].
用户[0:0:0:0:0:0:0:1],在[2020-10-29 22:03:37],访问了[com.bilibili.service.impl.UserServiceImpl.getUserById].
用户[0:0:0:0:0:0:0:1],在[2020-10-29 22:03:37],访问了[com.bilibili.service.impl.FollowServiceImpl.isFollow].
用户[0:0:0:0:0:0:0:1],在[2020-10-29 22:03:37],访问了[com.bilibili.service.impl.FollowServiceImpl.isFollow].
用户[0:0:0:0:0:0:0:1],在[2020-10-29 22:03:37],访问了[com.bilibili.service.impl.FollowServiceImpl.isFollow].
用户[0:0:0:0:0:0:0:1],在[2020-10-29 22:03:37],访问了[com.bilibili.service.impl.FollowServiceImpl.isFollow].
用户[0:0:0:0:0:0:0:1],在[2020-10-29 22:03:37],访问了[com.bilibili.service.impl.FollowServiceImpl.isFollow].
用户[0:0:0:0:0:0:0:1],在[2020-10-29 22:03:37],访问了[com.bilibili.service.impl.FollowServiceImpl.isFollow].
用户[0:0:0:0:0:0:0:1],在[2020-10-29 22:03:37],访问了[com.bilibili.service.impl.FollowServiceImpl.isFollow].
用户[0:0:0:0:0:0:0:1],在[2020-10-29 22:03:37],访问了[com.bilibili.service.impl.FollowServiceImpl.isFollow].
用户[0:0:0:0:0:0:0:1],在[2020-10-29 22:03:37],访问了[com.bilibili.service.impl.FollowServiceImpl.isFollow].
用户[0:0:0:0:0:0:0:1],在[2020-10-29 22:03:37],访问了[com.bilibili.service.impl.FollowServiceImpl.isFollow].
用户[0:0:0:0:0:0:0:1],在[2020-10-29 22:03:45],访问了[com.bilibili.service.impl.UserServiceImpl.findLoginTicket].
用户[0:0:0:0:0:0:0:1],在[2020-10-29 22:03:45],访问了[com.bilibili.service.impl.UserServiceImpl.getUserById].
用户[0:0:0:0:0:0:0:1],在[2020-10-29 22:03:45],访问了[com.bilibili.service.impl.UserServiceImpl.getUserById].
用户[0:0:0:0:0:0:0:1],在[2020-10-29 22:03:45],访问了[com.bilibili.service.impl.FollowServiceImpl.followerList].
用户[0:0:0:0:0:0:0:1],在[2020-10-29 22:03:45],访问了[com.bilibili.service.impl.UserServiceImpl.getUserById].
用户[0:0:0:0:0:0:0:1],在[2020-10-29 22:03:45],访问了[com.bilibili.service.impl.FollowServiceImpl.followerList].
用户[0:0:0:0:0:0:0:1],在[2020-10-29 22:03:45],访问了[com.bilibili.service.impl.UserServiceImpl.getUserById].
用户[0:0:0:0:0:0:0:1],在[2020-10-29 22:03:45],访问了[com.bilibili.service.impl.FollowServiceImpl.isFollow].
用户[0:0:0:0:0:0:0:1],在[2020-10-29 22:03:47],访问了[com.bilibili.service.impl.UserServiceImpl.findLoginTicket].
用户[0:0:0:0:0:0:0:1],在[2020-10-29 22:03:47],访问了[com.bilibili.service.impl.UserServiceImpl.getUserById].
用户[0:0:0:0:0:0:0:1],在[2020-10-29 22:03:47],访问了[com.bilibili.service.impl.UserServiceImpl.getUserById].
用户[0:0:0:0:0:0:0:1],在[2020-10-29 22:03:47],访问了[com.bilibili.service.impl.FollowServiceImpl.followeeList].
用户[0:0:0:0:0:0:0:1],在[2020-10-29 22:03:47],访问了[com.bilibili.service.impl.UserServiceImpl.getUserById].
用户[0:0:0:0:0:0:0:1],在[2020-10-29 22:03:47],访问了[com.bilibili.service.impl.UserServiceImpl.getUserById].
用户[0:0:0:0:0:0:0:1],在[2020-10-29 22:03:47],访问了[com.bilibili.service.impl.UserServiceImpl.getUserById].
用户[0:0:0:0:0:0:0:1],在[2020-10-29 22:03:47],访问了[com.bilibili.service.impl.UserServiceImpl.getUserById].
用户[0:0:0:0:0:0:0:1],在[2020-10-29 22:03:47],访问了[com.bilibili.service.impl.UserServiceImpl.getUserById].
用户[0:0:0:0:0:0:0:1],在[2020-10-29 22:03:47],访问了[com.bilibili.service.impl.UserServiceImpl.getUserById].
用户[0:0:0:0:0:0:0:1],在[2020-10-29 22:03:47],访问了[com.bilibili.service.impl.UserServiceImpl.getUserById].
用户[0:0:0:0:0:0:0:1],在[2020-10-29 22:03:47],访问了[com.bilibili.service.impl.UserServiceImpl.getUserById].
用户[0:0:0:0:0:0:0:1],在[2020-10-29 22:03:47],访问了[com.bilibili.service.impl.UserServiceImpl.getUserById].
用户[0:0:0:0:0:0:0:1],在[2020-10-29 22:03:47],访问了[com.bilibili.service.impl.UserServiceImpl.getUserById].
用户[0:0:0:0:0:0:0:1],在[2020-10-29 22:03:47],访问了[com.bilibili.service.impl.UserServiceImpl.getUserById].
用户[0:0:0:0:0:0:0:1],在[2020-10-29 22:03:47],访问了[com.bilibili.service.impl.FollowServiceImpl.followeeList].
用户[0:0:0:0:0:0:0:1],在[2020-10-29 22:03:47],访问了[com.bilibili.service.impl.UserServiceImpl.getUserById].
用户[0:0:0:0:0:0:0:1],在[2020-10-29 22:03:47],访问了[com.bilibili.service.impl.UserServiceImpl.getUserById].
用户[0:0:0:0:0:0:0:1],在[2020-10-29 22:03:47],访问了[com.bilibili.service.impl.UserServiceImpl.getUserById].
用户[0:0:0:0:0:0:0:1],在[2020-10-29 22:03:47],访问了[com.bilibili.service.impl.UserServiceImpl.getUserById].
用户[0:0:0:0:0:0:0:1],在[2020-10-29 22:03:47],访问了[com.bilibili.service.impl.UserServiceImpl.getUserById].
用户[0:0:0:0:0:0:0:1],在[2020-10-29 22:03:47],访问了[com.bilibili.service.impl.UserServiceImpl.getUserById].
用户[0:0:0:0:0:0:0:1],在[2020-10-29 22:03:47],访问了[com.bilibili.service.impl.UserServiceImpl.getUserById].
用户[0:0:0:0:0:0:0:1],在[2020-10-29 22:03:47],访问了[com.bilibili.service.impl.UserServiceImpl.getUserById].
用户[0:0:0:0:0:0:0:1],在[2020-10-29 22:03:47],访问了[com.bilibili.service.impl.UserServiceImpl.getUserById].
用户[0:0:0:0:0:0:0:1],在[2020-10-29 22:03:47],访问了[com.bilibili.service.impl.UserServiceImpl.getUserById].
用户[0:0:0:0:0:0:0:1],在[2020-10-29 22:03:47],访问了[com.bilibili.service.impl.FollowServiceImpl.isFollow].
用户[0:0:0:0:0:0:0:1],在[2020-10-29 22:03:47],访问了[com.bilibili.service.impl.FollowServiceImpl.isFollow].
用户[0:0:0:0:0:0:0:1],在[2020-10-29 22:03:47],访问了[com.bilibili.service.impl.FollowServiceImpl.isFollow].
用户[0:0:0:0:0:0:0:1],在[2020-10-29 22:03:47],访问了[com.bilibili.service.impl.FollowServiceImpl.isFollow].
用户[0:0:0:0:0:0:0:1],在[2020-10-29 22:03:47],访问了[com.bilibili.service.impl.FollowServiceImpl.isFollow].
用户[0:0:0:0:0:0:0:1],在[2020-10-29 22:03:47],访问了[com.bilibili.service.impl.FollowServiceImpl.isFollow].
用户[0:0:0:0:0:0:0:1],在[2020-10-29 22:03:47],访问了[com.bilibili.service.impl.FollowServiceImpl.isFollow].
用户[0:0:0:0:0:0:0:1],在[2020-10-29 22:03:47],访问了[com.bilibili.service.impl.FollowServiceImpl.isFollow].
用户[0:0:0:0:0:0:0:1],在[2020-10-29 22:03:47],访问了[com.bilibili.service.impl.FollowServiceImpl.isFollow].
用户[0:0:0:0:0:0:0:1],在[2020-10-29 22:03:47],访问了[com.bilibili.service.impl.FollowServiceImpl.isFollow].
用户[0:0:0:0:0:0:0:1],在[2020-10-29 22:03:48],访问了[com.bilibili.service.impl.UserServiceImpl.findLoginTicket].
用户[0:0:0:0:0:0:0:1],在[2020-10-29 22:03:48],访问了[com.bilibili.service.impl.UserServiceImpl.getUserById].
用户[0:0:0:0:0:0:0:1],在[2020-10-29 22:03:48],访问了[com.bilibili.service.impl.UserServiceImpl.getUserById].
用户[0:0:0:0:0:0:0:1],在[2020-10-29 22:03:48],访问了[com.bilibili.service.impl.FollowServiceImpl.followerList].
用户[0:0:0:0:0:0:0:1],在[2020-10-29 22:03:48],访问了[com.bilibili.service.impl.UserServiceImpl.getUserById].
用户[0:0:0:0:0:0:0:1],在[2020-10-29 22:03:48],访问了[com.bilibili.service.impl.FollowServiceImpl.followerList].
用户[0:0:0:0:0:0:0:1],在[2020-10-29 22:03:48],访问了[com.bilibili.service.impl.UserServiceImpl.getUserById].
用户[0:0:0:0:0:0:0:1],在[2020-10-29 22:03:48],访问了[com.bilibili.service.impl.FollowServiceImpl.isFollow].
用户[0:0:0:0:0:0:0:1],在[2020-10-29 22:03:50],访问了[com.bilibili.service.impl.UserServiceImpl.findLoginTicket].
用户[0:0:0:0:0:0:0:1],在[2020-10-29 22:03:50],访问了[com.bilibili.service.impl.UserServiceImpl.getUserById].
用户[0:0:0:0:0:0:0:1],在[2020-10-29 22:03:50],访问了[com.bilibili.service.impl.DiscussPostServiceImpl.findAllDiscussPost].
用户[0:0:0:0:0:0:0:1],在[2020-10-29 22:03:50],访问了[com.bilibili.service.impl.UserServiceImpl.getUserById].
用户[0:0:0:0:0:0:0:1],在[2020-10-29 22:03:50],访问了[com.bilibili.service.impl.LickServiceImpl.LikeCount].
用户[0:0:0:0:0:0:0:1],在[2020-10-29 22:03:50],访问了[com.bilibili.service.impl.LickServiceImpl.LinkStatus].
用户[0:0:0:0:0:0:0:1],在[2020-10-29 22:03:50],访问了[com.bilibili.service.impl.UserServiceImpl.getUserById].
用户[0:0:0:0:0:0:0:1],在[2020-10-29 22:03:50],访问了[com.bilibili.service.impl.LickServiceImpl.LikeCount].
用户[0:0:0:0:0:0:0:1],在[2020-10-29 22:03:50],访问了[com.bilibili.service.impl.LickServiceImpl.LinkStatus].
用户[0:0:0:0:0:0:0:1],在[2020-10-29 22:03:50],访问了[com.bilibili.service.impl.UserServiceImpl.getUserById].
用户[0:0:0:0:0:0:0:1],在[2020-10-29 22:03:50],访问了[com.bilibili.service.impl.LickServiceImpl.LikeCount].
用户[0:0:0:0:0:0:0:1],在[2020-10-29 22:03:50],访问了[com.bilibili.service.impl.LickServiceImpl.LinkStatus].
用户[0:0:0:0:0:0:0:1],在[2020-10-29 22:03:50],访问了[com.bilibili.service.impl.UserServiceImpl.getUserById].
用户[0:0:0:0:0:0:0:1],在[2020-10-29 22:03:50],访问了[com.bilibili.service.impl.LickServiceImpl.LikeCount].
用户[0:0:0:0:0:0:0:1],在[2020-10-29 22:03:50],访问了[com.bilibili.service.impl.LickServiceImpl.LinkStatus].
用户[0:0:0:0:0:0:0:1],在[2020-10-29 22:03:50],访问了[com.bilibili.service.impl.UserServiceImpl.getUserById].
用户[0:0:0:0:0:0:0:1],在[2020-10-29 22:03:50],访问了[com.bilibili.service.impl.LickServiceImpl.LikeCount].
用户[0:0:0:0:0:0:0:1],在[2020-10-29 22:03:50],访问了[com.bilibili.service.impl.LickServiceImpl.LinkStatus].
用户[0:0:0:0:0:0:0:1],在[2020-10-29 22:03:50],访问了[com.bilibili.service.impl.UserServiceImpl.getUserById].
用户[0:0:0:0:0:0:0:1],在[2020-10-29 22:03:50],访问了[com.bilibili.service.impl.LickServiceImpl.LikeCount].
用户[0:0:0:0:0:0:0:1],在[2020-10-29 22:03:50],访问了[com.bilibili.service.impl.LickServiceImpl.LinkStatus].
用户[0:0:0:0:0:0:0:1],在[2020-10-29 22:03:50],访问了[com.bilibili.service.impl.UserServiceImpl.getUserById].
用户[0:0:0:0:0:0:0:1],在[2020-10-29 22:03:50],访问了[com.bilibili.service.impl.LickServiceImpl.LikeCount].
用户[0:0:0:0:0:0:0:1],在[2020-10-29 22:03:50],访问了[com.bilibili.service.impl.LickServiceImpl.LinkStatus].
用户[0:0:0:0:0:0:0:1],在[2020-10-29 22:03:50],访问了[com.bilibili.service.impl.UserServiceImpl.getUserById].
用户[0:0:0:0:0:0:0:1],在[2020-10-29 22:03:50],访问了[com.bilibili.service.impl.LickServiceImpl.LikeCount].
用户[0:0:0:0:0:0:0:1],在[2020-10-29 22:03:50],访问了[com.bilibili.service.impl.LickServiceImpl.LinkStatus].
用户[0:0:0:0:0:0:0:1],在[2020-10-29 22:03:50],访问了[com.bilibili.service.impl.UserServiceImpl.getUserById].
用户[0:0:0:0:0:0:0:1],在[2020-10-29 22:03:50],访问了[com.bilibili.service.impl.LickServiceImpl.LikeCount].
用户[0:0:0:0:0:0:0:1],在[2020-10-29 22:03:50],访问了[com.bilibili.service.impl.LickServiceImpl.LinkStatus].
用户[0:0:0:0:0:0:0:1],在[2020-10-29 22:03:50],访问了[com.bilibili.service.impl.UserServiceImpl.getUserById].
用户[0:0:0:0:0:0:0:1],在[2020-10-29 22:03:50],访问了[com.bilibili.service.impl.LickServiceImpl.LikeCount].
用户[0:0:0:0:0:0:0:1],在[2020-10-29 22:03:50],访问了[com.bilibili.service.impl.LickServiceImpl.LinkStatus].
用户[0:0:0:0:0:0:0:1],在[2020-10-29 22:03:50],访问了[com.bilibili.service.impl.UserServiceImpl.getUserById].
用户[0:0:0:0:0:0:0:1],在[2020-10-29 22:03:50],访问了[com.bilibili.service.impl.LickServiceImpl.LikeCount].
用户[0:0:0:0:0:0:0:1],在[2020-10-29 22:03:50],访问了[com.bilibili.service.impl.LickServiceImpl.LinkStatus].
用户[0:0:0:0:0:0:0:1],在[2020-10-29 22:03:50],访问了[com.bilibili.service.impl.UserServiceImpl.getUserById].
用户[0:0:0:0:0:0:0:1],在[2020-10-29 22:03:50],访问了[com.bilibili.service.impl.LickServiceImpl.LikeCount].
用户[0:0:0:0:0:0:0:1],在[2020-10-29 22:03:50],访问了[com.bilibili.service.impl.LickServiceImpl.LinkStatus].
用户[0:0:0:0:0:0:0:1],在[2020-10-29 22:03:50],访问了[com.bilibili.service.impl.UserServiceImpl.getUserById].
用户[0:0:0:0:0:0:0:1],在[2020-10-29 22:03:50],访问了[com.bilibili.service.impl.LickServiceImpl.LikeCount].
用户[0:0:0:0:0:0:0:1],在[2020-10-29 22:03:50],访问了[com.bilibili.service.impl.LickServiceImpl.LinkStatus].
用户[0:0:0:0:0:0:0:1],在[2020-10-29 22:03:50],访问了[com.bilibili.service.impl.UserServiceImpl.getUserById].
用户[0:0:0:0:0:0:0:1],在[2020-10-29 22:03:50],访问了[com.bilibili.service.impl.LickServiceImpl.LikeCount].
用户[0:0:0:0:0:0:0:1],在[2020-10-29 22:03:50],访问了[com.bilibili.service.impl.LickServiceImpl.LinkStatus].
用户[0:0:0:0:0:0:0:1],在[2020-10-29 22:03:50],访问了[com.bilibili.service.impl.UserServiceImpl.getUserById].
用户[0:0:0:0:0:0:0:1],在[2020-10-29 22:03:50],访问了[com.bilibili.service.impl.LickServiceImpl.LikeCount].
用户[0:0:0:0:0:0:0:1],在[2020-10-29 22:03:50],访问了[com.bilibili.service.impl.LickServiceImpl.LinkStatus].
